The system is: Linux - 3.10.0-1160.81.1.el7.x86_64 - x86_64
Compiling the C compiler identification source file "CMakeCCompilerId.c" succeeded.
Compiler: /opt/software/software/GCCcore/9.3.0/bin/cc 
Build flags: 
Id flags:  

The output was:
0


Compilation of the C compiler identification source "CMakeCCompilerId.c" produced "a.out"

The C compiler identification is GNU, found in "/homes/ronnyim12345/hw2/build/CMakeFiles/3.16.4/CompilerIdC/a.out"

Compiling the CXX compiler identification source file "CMakeCXXCompilerId.cpp" succeeded.
Compiler: /opt/software/software/GCCcore/9.3.0/bin/c++ 
Build flags: 
Id flags:  

The output was:
0


Compilation of the CXX compiler identification source "CMakeCXXCompilerId.cpp" produced "a.out"

The CXX compiler identification is GNU, found in "/homes/ronnyim12345/hw2/build/CMakeFiles/3.16.4/CompilerIdCXX/a.out"

Determining if the C compiler works passed with the following output:
Change Dir: /homes/ronnyim12345/hw2/build/CMakeFiles/CMakeTmp

Run Build Command(s):/usr/bin/gmake cmTC_d0e4e/fast && /usr/bin/gmake -f CMakeFiles/cmTC_d0e4e.dir/build.make CMakeFiles/cmTC_d0e4e.dir/build
gmake[1]: Entering directory `/homes/ronnyim12345/hw2/build/CMakeFiles/CMakeTmp'
Building C object CMakeFiles/cmTC_d0e4e.dir/testCCompiler.c.o
/opt/software/software/GCCcore/9.3.0/bin/cc    -o CMakeFiles/cmTC_d0e4e.dir/testCCompiler.c.o   -c /homes/ronnyim12345/hw2/build/CMakeFiles/CMakeTmp/testCCompiler.c
Linking C executable cmTC_d0e4e
/opt/software/software/CMake/3.16.4-GCCcore-9.3.0/bin/cmake -E cmake_link_script CMakeFiles/cmTC_d0e4e.dir/link.txt --verbose=1
/opt/software/software/GCCcore/9.3.0/bin/cc      -rdynamic CMakeFiles/cmTC_d0e4e.dir/testCCompiler.c.o  -o cmTC_d0e4e 
gmake[1]: Leaving directory `/homes/ronnyim12345/hw2/build/CMakeFiles/CMakeTmp'



Detecting C compiler ABI info compiled with the following output:
Change Dir: /homes/ronnyim12345/hw2/build/CMakeFiles/CMakeTmp

Run Build Command(s):/usr/bin/gmake cmTC_0fb5c/fast && /usr/bin/gmake -f CMakeFiles/cmTC_0fb5c.dir/build.make CMakeFiles/cmTC_0fb5c.dir/build
gmake[1]: Entering directory `/homes/ronnyim12345/hw2/build/CMakeFiles/CMakeTmp'
Building C object CMakeFiles/cmTC_0fb5c.dir/CMakeCCompilerABI.c.o
/opt/software/software/GCCcore/9.3.0/bin/cc   -v -o CMakeFiles/cmTC_0fb5c.dir/CMakeCCompilerABI.c.o   -c /opt/software/software/CMake/3.16.4-GCCcore-9.3.0/share/cmake-3.16/Modules/CMakeCCompilerABI.c
Using built-in specs.
COLLECT_GCC=/opt/software/software/GCCcore/9.3.0/bin/cc
Target: x86_64-pc-linux-gnu
Configured with: ../configure --enable-languages=c,c++,fortran --enable-lto --enable-checking=release --disable-multilib --enable-shared=yes --enable-static=yes --enable-threads=posix --enable-plugins --enable-gold=default --enable-ld --with-plugin-ld=ld.gold --prefix=/opt/software/software/GCCcore/9.3.0 --with-local-prefix=/opt/software/software/GCCcore/9.3.0 --enable-bootstrap --with-isl=/tmp/easybuild/GCCcore/9.3.0/system-system/gcc-9.3.0/stage2_stuff
Thread model: posix
gcc version 9.3.0 (GCC) 
COLLECT_GCC_OPTIONS='-v' '-o' 'CMakeFiles/cmTC_0fb5c.dir/CMakeCCompilerABI.c.o' '-c' '-mtune=generic' '-march=x86-64'
 /opt/software/software/GCCcore/9.3.0/libexec/gcc/x86_64-pc-linux-gnu/9.3.0/cc1 -quiet -v /opt/software/software/CMake/3.16.4-GCCcore-9.3.0/share/cmake-3.16/Modules/CMakeCCompilerABI.c -quiet -dumpbase CMakeCCompilerABI.c -mtune=generic -march=x86-64 -auxbase-strip CMakeFiles/cmTC_0fb5c.dir/CMakeCCompilerABI.c.o -version -o /tmp/ccAA7VAY.s
GNU C17 (GCC) version 9.3.0 (x86_64-pc-linux-gnu)
	compiled by GNU C version 9.3.0, GMP version 6.2.0, MPFR version 4.0.2, MPC version 1.1.0, isl version isl-0.22.1-GMP

GGC heuristics: --param ggc-min-expand=100 --param ggc-min-heapsize=131072
ignoring nonexistent directory "/opt/software/software/GCCcore/9.3.0/lib/gcc/x86_64-pc-linux-gnu/9.3.0/../../../../x86_64-pc-linux-gnu/include"
#include "..." search starts here:
#include <...> search starts here:
 /opt/software/software/ScaLAPACK/2.1.0-gompi-2020a/include
 /opt/software/software/FFTW/3.3.8-gompi-2020a/include
 /opt/software/software/OpenBLAS/0.3.9-GCC-9.3.0/include
 /opt/software/software/OpenMPI/4.0.3-GCC-9.3.0/include
 /opt/software/software/UCX/1.8.0-GCCcore-9.3.0/include
 /opt/software/software/hwloc/2.2.0-GCCcore-9.3.0/include
 /opt/software/software/libpciaccess/0.16-GCCcore-9.3.0/include
 /opt/software/software/libxml2/2.9.10-GCCcore-9.3.0/include/libxml2
 /opt/software/software/libxml2/2.9.10-GCCcore-9.3.0/include
 /opt/software/software/XZ/5.2.5-GCCcore-9.3.0/include
 /opt/software/software/numactl/2.0.13-GCCcore-9.3.0/include
 /opt/software/software/binutils/2.34-GCCcore-9.3.0/include
 /opt/software/software/cURL/7.69.1-GCCcore-9.3.0/include
 /opt/software/software/bzip2/1.0.8-GCCcore-9.3.0/include
 /opt/software/software/zlib/1.2.11-GCCcore-9.3.0/include
 /opt/software/software/ncurses/6.2-GCCcore-9.3.0/include
 /opt/software/software/googletest/1.10.0-GCCcore-9.3.0/include
 /opt/software/software/GCCcore/9.3.0/lib/gcc/x86_64-pc-linux-gnu/9.3.0/include
 /opt/software/software/GCCcore/9.3.0/include
 /opt/software/software/GCCcore/9.3.0/lib/gcc/x86_64-pc-linux-gnu/9.3.0/include-fixed
 /usr/include
End of search list.
GNU C17 (GCC) version 9.3.0 (x86_64-pc-linux-gnu)
	compiled by GNU C version 9.3.0, GMP version 6.2.0, MPFR version 4.0.2, MPC version 1.1.0, isl version isl-0.22.1-GMP

GGC heuristics: --param ggc-min-expand=100 --param ggc-min-heapsize=131072
Compiler executable checksum: c4d51f72977bc31bd6d0bc6bb2f8405a
COLLECT_GCC_OPTIONS='-v' '-o' 'CMakeFiles/cmTC_0fb5c.dir/CMakeCCompilerABI.c.o' '-c' '-mtune=generic' '-march=x86-64'
 as -v --64 -o CMakeFiles/cmTC_0fb5c.dir/CMakeCCompilerABI.c.o /tmp/ccAA7VAY.s
GNU assembler version 2.34 (x86_64-pc-linux-gnu) using BFD version (GNU Binutils) 2.34
COMPILER_PATH=/opt/software/software/GCCcore/9.3.0/libexec/gcc/x86_64-pc-linux-gnu/9.3.0/:/opt/software/software/GCCcore/9.3.0/libexec/gcc/x86_64-pc-linux-gnu/9.3.0/:/opt/software/software/GCCcore/9.3.0/libexec/gcc/x86_64-pc-linux-gnu/:/opt/software/software/GCCcore/9.3.0/lib/gcc/x86_64-pc-linux-gnu/9.3.0/:/opt/software/software/GCCcore/9.3.0/lib/gcc/x86_64-pc-linux-gnu/
LIBRARY_PATH=/opt/software/software/googletest/1.10.0-GCCcore-9.3.0/lib/../lib64/:/opt/software/software/GCCcore/9.3.0/lib/gcc/x86_64-pc-linux-gnu/9.3.0/:/opt/software/software/GCCcore/9.3.0/lib/gcc/x86_64-pc-linux-gnu/9.3.0/../../../../lib64/:/lib/../lib64/:/usr/lib/../lib64/:/opt/software/software/ScaLAPACK/2.1.0-gompi-2020a/lib/:/opt/software/software/FFTW/3.3.8-gompi-2020a/lib/:/opt/software/software/OpenBLAS/0.3.9-GCC-9.3.0/lib/:/opt/software/software/OpenMPI/4.0.3-GCC-9.3.0/lib/:/opt/software/software/UCX/1.8.0-GCCcore-9.3.0/lib/:/opt/software/software/hwloc/2.2.0-GCCcore-9.3.0/lib/:/opt/software/software/libpciaccess/0.16-GCCcore-9.3.0/lib/:/opt/software/software/libxml2/2.9.10-GCCcore-9.3.0/lib/:/opt/software/software/XZ/5.2.5-GCCcore-9.3.0/lib/:/opt/software/software/numactl/2.0.13-GCCcore-9.3.0/lib/:/opt/software/software/binutils/2.34-GCCcore-9.3.0/lib/:/opt/software/software/cURL/7.69.1-GCCcore-9.3.0/lib/:/opt/software/software/bzip2/1.0.8-GCCcore-9.3.0/lib/:/opt/software/software/zlib/1.2.11-GCCcore-9.3.0/lib/:/opt/software/software/ncurses/6.2-GCCcore-9.3.0/lib/:/opt/software/software/googletest/1.10.0-GCCcore-9.3.0/lib/:/opt/software/software/GCCcore/9.3.0/lib/gcc/x86_64-pc-linux-gnu/9.3.0/../../../:/lib/:/usr/lib/
COLLECT_GCC_OPTIONS='-v' '-o' 'CMakeFiles/cmTC_0fb5c.dir/CMakeCCompilerABI.c.o' '-c' '-mtune=generic' '-march=x86-64'
Linking C executable cmTC_0fb5c
/opt/software/software/CMake/3.16.4-GCCcore-9.3.0/bin/cmake -E cmake_link_script CMakeFiles/cmTC_0fb5c.dir/link.txt --verbose=1
/opt/software/software/GCCcore/9.3.0/bin/cc     -v -rdynamic CMakeFiles/cmTC_0fb5c.dir/CMakeCCompilerABI.c.o  -o cmTC_0fb5c 
Using built-in specs.
COLLECT_GCC=/opt/software/software/GCCcore/9.3.0/bin/cc
COLLECT_LTO_WRAPPER=/opt/software/software/GCCcore/9.3.0/libexec/gcc/x86_64-pc-linux-gnu/9.3.0/lto-wrapper
Target: x86_64-pc-linux-gnu
Configured with: ../configure --enable-languages=c,c++,fortran --enable-lto --enable-checking=release --disable-multilib --enable-shared=yes --enable-static=yes --enable-threads=posix --enable-plugins --enable-gold=default --enable-ld --with-plugin-ld=ld.gold --prefix=/opt/software/software/GCCcore/9.3.0 --with-local-prefix=/opt/software/software/GCCcore/9.3.0 --enable-bootstrap --with-isl=/tmp/easybuild/GCCcore/9.3.0/system-system/gcc-9.3.0/stage2_stuff
Thread model: posix
gcc version 9.3.0 (GCC) 
COMPILER_PATH=/opt/software/software/GCCcore/9.3.0/libexec/gcc/x86_64-pc-linux-gnu/9.3.0/:/opt/software/software/GCCcore/9.3.0/libexec/gcc/x86_64-pc-linux-gnu/9.3.0/:/opt/software/software/GCCcore/9.3.0/libexec/gcc/x86_64-pc-linux-gnu/:/opt/software/software/GCCcore/9.3.0/lib/gcc/x86_64-pc-linux-gnu/9.3.0/:/opt/software/software/GCCcore/9.3.0/lib/gcc/x86_64-pc-linux-gnu/
LIBRARY_PATH=/opt/software/software/googletest/1.10.0-GCCcore-9.3.0/lib/../lib64/:/opt/software/software/GCCcore/9.3.0/lib/gcc/x86_64-pc-linux-gnu/9.3.0/:/opt/software/software/GCCcore/9.3.0/lib/gcc/x86_64-pc-linux-gnu/9.3.0/../../../../lib64/:/lib/../lib64/:/usr/lib/../lib64/:/opt/software/software/ScaLAPACK/2.1.0-gompi-2020a/lib/:/opt/software/software/FFTW/3.3.8-gompi-2020a/lib/:/opt/software/software/OpenBLAS/0.3.9-GCC-9.3.0/lib/:/opt/software/software/OpenMPI/4.0.3-GCC-9.3.0/lib/:/opt/software/software/UCX/1.8.0-GCCcore-9.3.0/lib/:/opt/software/software/hwloc/2.2.0-GCCcore-9.3.0/lib/:/opt/software/software/libpciaccess/0.16-GCCcore-9.3.0/lib/:/opt/software/software/libxml2/2.9.10-GCCcore-9.3.0/lib/:/opt/software/software/XZ/5.2.5-GCCcore-9.3.0/lib/:/opt/software/software/numactl/2.0.13-GCCcore-9.3.0/lib/:/opt/software/software/binutils/2.34-GCCcore-9.3.0/lib/:/opt/software/software/cURL/7.69.1-GCCcore-9.3.0/lib/:/opt/software/software/bzip2/1.0.8-GCCcore-9.3.0/lib/:/opt/software/software/zlib/1.2.11-GCCcore-9.3.0/lib/:/opt/software/software/ncurses/6.2-GCCcore-9.3.0/lib/:/opt/software/software/googletest/1.10.0-GCCcore-9.3.0/lib/:/opt/software/software/GCCcore/9.3.0/lib/gcc/x86_64-pc-linux-gnu/9.3.0/../../../:/lib/:/usr/lib/
COLLECT_GCC_OPTIONS='-v' '-rdynamic' '-o' 'cmTC_0fb5c' '-mtune=generic' '-march=x86-64'
 /opt/software/software/GCCcore/9.3.0/libexec/gcc/x86_64-pc-linux-gnu/9.3.0/collect2 -plugin /opt/software/software/GCCcore/9.3.0/libexec/gcc/x86_64-pc-linux-gnu/9.3.0/liblto_plugin.so -plugin-opt=/opt/software/software/GCCcore/9.3.0/libexec/gcc/x86_64-pc-linux-gnu/9.3.0/lto-wrapper -plugin-opt=-fresolution=/tmp/ccFE0zYb.res -plugin-opt=-pass-through=-lgcc -plugin-opt=-pass-through=-lgcc_s -plugin-opt=-pass-through=-lc -plugin-opt=-pass-through=-lgcc -plugin-opt=-pass-through=-lgcc_s --eh-frame-hdr -m elf_x86_64 -export-dynamic -dynamic-linker /lib64/ld-linux-x86-64.so.2 -o cmTC_0fb5c /lib/../lib64/crt1.o /lib/../lib64/crti.o /opt/software/software/GCCcore/9.3.0/lib/gcc/x86_64-pc-linux-gnu/9.3.0/crtbegin.o -L/opt/software/software/googletest/1.10.0-GCCcore-9.3.0/lib/../lib64 -L/opt/software/software/GCCcore/9.3.0/lib/gcc/x86_64-pc-linux-gnu/9.3.0 -L/opt/software/software/GCCcore/9.3.0/lib/gcc/x86_64-pc-linux-gnu/9.3.0/../../../../lib64 -L/lib/../lib64 -L/usr/lib/../lib64 -L/opt/software/software/ScaLAPACK/2.1.0-gompi-2020a/lib -L/opt/software/software/FFTW/3.3.8-gompi-2020a/lib -L/opt/software/software/OpenBLAS/0.3.9-GCC-9.3.0/lib -L/opt/software/software/OpenMPI/4.0.3-GCC-9.3.0/lib -L/opt/software/software/UCX/1.8.0-GCCcore-9.3.0/lib -L/opt/software/software/hwloc/2.2.0-GCCcore-9.3.0/lib -L/opt/software/software/libpciaccess/0.16-GCCcore-9.3.0/lib -L/opt/software/software/libxml2/2.9.10-GCCcore-9.3.0/lib -L/opt/software/software/XZ/5.2.5-GCCcore-9.3.0/lib -L/opt/software/software/numactl/2.0.13-GCCcore-9.3.0/lib -L/opt/software/software/binutils/2.34-GCCcore-9.3.0/lib -L/opt/software/software/cURL/7.69.1-GCCcore-9.3.0/lib -L/opt/software/software/bzip2/1.0.8-GCCcore-9.3.0/lib -L/opt/software/software/zlib/1.2.11-GCCcore-9.3.0/lib -L/opt/software/software/ncurses/6.2-GCCcore-9.3.0/lib -L/opt/software/software/googletest/1.10.0-GCCcore-9.3.0/lib -L/opt/software/software/GCCcore/9.3.0/lib/gcc/x86_64-pc-linux-gnu/9.3.0/../../.. CMakeFiles/cmTC_0fb5c.dir/CMakeCCompilerABI.c.o -lgcc --push-state --as-needed -lgcc_s --pop-state -lc -lgcc --push-state --as-needed -lgcc_s --pop-state /opt/software/software/GCCcore/9.3.0/lib/gcc/x86_64-pc-linux-gnu/9.3.0/crtend.o /lib/../lib64/crtn.o
COLLECT_GCC_OPTIONS='-v' '-rdynamic' '-o' 'cmTC_0fb5c' '-mtune=generic' '-march=x86-64'
gmake[1]: Leaving directory `/homes/ronnyim12345/hw2/build/CMakeFiles/CMakeTmp'



Parsed C implicit include dir info from above output: rv=done
  found start of include info
  found start of implicit include info
    add: [/opt/software/software/ScaLAPACK/2.1.0-gompi-2020a/include]
    add: [/opt/software/software/FFTW/3.3.8-gompi-2020a/include]
    add: [/opt/software/software/OpenBLAS/0.3.9-GCC-9.3.0/include]
    add: [/opt/software/software/OpenMPI/4.0.3-GCC-9.3.0/include]
    add: [/opt/software/software/UCX/1.8.0-GCCcore-9.3.0/include]
    add: [/opt/software/software/hwloc/2.2.0-GCCcore-9.3.0/include]
    add: [/opt/software/software/libpciaccess/0.16-GCCcore-9.3.0/include]
    add: [/opt/software/software/libxml2/2.9.10-GCCcore-9.3.0/include/libxml2]
    add: [/opt/software/software/libxml2/2.9.10-GCCcore-9.3.0/include]
    add: [/opt/software/software/XZ/5.2.5-GCCcore-9.3.0/include]
    add: [/opt/software/software/numactl/2.0.13-GCCcore-9.3.0/include]
    add: [/opt/software/software/binutils/2.34-GCCcore-9.3.0/include]
    add: [/opt/software/software/cURL/7.69.1-GCCcore-9.3.0/include]
    add: [/opt/software/software/bzip2/1.0.8-GCCcore-9.3.0/include]
    add: [/opt/software/software/zlib/1.2.11-GCCcore-9.3.0/include]
    add: [/opt/software/software/ncurses/6.2-GCCcore-9.3.0/include]
    add: [/opt/software/software/googletest/1.10.0-GCCcore-9.3.0/include]
    add: [/opt/software/software/GCCcore/9.3.0/lib/gcc/x86_64-pc-linux-gnu/9.3.0/include]
    add: [/opt/software/software/GCCcore/9.3.0/include]
    add: [/opt/software/software/GCCcore/9.3.0/lib/gcc/x86_64-pc-linux-gnu/9.3.0/include-fixed]
    add: [/usr/include]
  end of search list found
  collapse include dir [/opt/software/software/ScaLAPACK/2.1.0-gompi-2020a/include] ==> [/opt/software/software/ScaLAPACK/2.1.0-gompi-2020a/include]
  collapse include dir [/opt/software/software/FFTW/3.3.8-gompi-2020a/include] ==> [/opt/software/software/FFTW/3.3.8-gompi-2020a/include]
  collapse include dir [/opt/software/software/OpenBLAS/0.3.9-GCC-9.3.0/include] ==> [/opt/software/software/OpenBLAS/0.3.9-GCC-9.3.0/include]
  collapse include dir [/opt/software/software/OpenMPI/4.0.3-GCC-9.3.0/include] ==> [/opt/software/software/OpenMPI/4.0.3-GCC-9.3.0/include]
  collapse include dir [/opt/software/software/UCX/1.8.0-GCCcore-9.3.0/include] ==> [/opt/software/software/UCX/1.8.0-GCCcore-9.3.0/include]
  collapse include dir [/opt/software/software/hwloc/2.2.0-GCCcore-9.3.0/include] ==> [/opt/software/software/hwloc/2.2.0-GCCcore-9.3.0/include]
  collapse include dir [/opt/software/software/libpciaccess/0.16-GCCcore-9.3.0/include] ==> [/opt/software/software/libpciaccess/0.16-GCCcore-9.3.0/include]
  collapse include dir [/opt/software/software/libxml2/2.9.10-GCCcore-9.3.0/include/libxml2] ==> [/opt/software/software/libxml2/2.9.10-GCCcore-9.3.0/include/libxml2]
  collapse include dir [/opt/software/software/libxml2/2.9.10-GCCcore-9.3.0/include] ==> [/opt/software/software/libxml2/2.9.10-GCCcore-9.3.0/include]
  collapse include dir [/opt/software/software/XZ/5.2.5-GCCcore-9.3.0/include] ==> [/opt/software/software/XZ/5.2.5-GCCcore-9.3.0/include]
  collapse include dir [/opt/software/software/numactl/2.0.13-GCCcore-9.3.0/include] ==> [/opt/software/software/numactl/2.0.13-GCCcore-9.3.0/include]
  collapse include dir [/opt/software/software/binutils/2.34-GCCcore-9.3.0/include] ==> [/opt/software/software/binutils/2.34-GCCcore-9.3.0/include]
  collapse include dir [/opt/software/software/cURL/7.69.1-GCCcore-9.3.0/include] ==> [/opt/software/software/cURL/7.69.1-GCCcore-9.3.0/include]
  collapse include dir [/opt/software/software/bzip2/1.0.8-GCCcore-9.3.0/include] ==> [/opt/software/software/bzip2/1.0.8-GCCcore-9.3.0/include]
  collapse include dir [/opt/software/software/zlib/1.2.11-GCCcore-9.3.0/include] ==> [/opt/software/software/zlib/1.2.11-GCCcore-9.3.0/include]
  collapse include dir [/opt/software/software/ncurses/6.2-GCCcore-9.3.0/include] ==> [/opt/software/software/ncurses/6.2-GCCcore-9.3.0/include]
  collapse include dir [/opt/software/software/googletest/1.10.0-GCCcore-9.3.0/include] ==> [/opt/software/software/googletest/1.10.0-GCCcore-9.3.0/include]
  collapse include dir [/opt/software/software/GCCcore/9.3.0/lib/gcc/x86_64-pc-linux-gnu/9.3.0/include] ==> [/opt/software/software/GCCcore/9.3.0/lib/gcc/x86_64-pc-linux-gnu/9.3.0/include]
  collapse include dir [/opt/software/software/GCCcore/9.3.0/include] ==> [/opt/software/software/GCCcore/9.3.0/include]
  collapse include dir [/opt/software/software/GCCcore/9.3.0/lib/gcc/x86_64-pc-linux-gnu/9.3.0/include-fixed] ==> [/opt/software/software/GCCcore/9.3.0/lib/gcc/x86_64-pc-linux-gnu/9.3.0/include-fixed]
  collapse include dir [/usr/include] ==> [/usr/include]
  implicit include dirs: [/opt/software/software/ScaLAPACK/2.1.0-gompi-2020a/include;/opt/software/software/FFTW/3.3.8-gompi-2020a/include;/opt/software/software/OpenBLAS/0.3.9-GCC-9.3.0/include;/opt/software/software/OpenMPI/4.0.3-GCC-9.3.0/include;/opt/software/software/UCX/1.8.0-GCCcore-9.3.0/include;/opt/software/software/hwloc/2.2.0-GCCcore-9.3.0/include;/opt/software/software/libpciaccess/0.16-GCCcore-9.3.0/include;/opt/software/software/libxml2/2.9.10-GCCcore-9.3.0/include/libxml2;/opt/software/software/libxml2/2.9.10-GCCcore-9.3.0/include;/opt/software/software/XZ/5.2.5-GCCcore-9.3.0/include;/opt/software/software/numactl/2.0.13-GCCcore-9.3.0/include;/opt/software/software/binutils/2.34-GCCcore-9.3.0/include;/opt/software/software/cURL/7.69.1-GCCcore-9.3.0/include;/opt/software/software/bzip2/1.0.8-GCCcore-9.3.0/include;/opt/software/software/zlib/1.2.11-GCCcore-9.3.0/include;/opt/software/software/ncurses/6.2-GCCcore-9.3.0/include;/opt/software/software/googletest/1.10.0-GCCcore-9.3.0/include;/opt/software/software/GCCcore/9.3.0/lib/gcc/x86_64-pc-linux-gnu/9.3.0/include;/opt/software/software/GCCcore/9.3.0/include;/opt/software/software/GCCcore/9.3.0/lib/gcc/x86_64-pc-linux-gnu/9.3.0/include-fixed;/usr/include]


Parsed C implicit link information from above output:
  link line regex: [^( *|.*[/\])(ld|CMAKE_LINK_STARTFILE-NOTFOUND|([^/\]+-)?ld|collect2)[^/\]*( |$)]
  ignore line: [Change Dir: /homes/ronnyim12345/hw2/build/CMakeFiles/CMakeTmp]
  ignore line: []
  ignore line: [Run Build Command(s):/usr/bin/gmake cmTC_0fb5c/fast && /usr/bin/gmake -f CMakeFiles/cmTC_0fb5c.dir/build.make CMakeFiles/cmTC_0fb5c.dir/build]
  ignore line: [gmake[1]: Entering directory `/homes/ronnyim12345/hw2/build/CMakeFiles/CMakeTmp']
  ignore line: [Building C object CMakeFiles/cmTC_0fb5c.dir/CMakeCCompilerABI.c.o]
  ignore line: [/opt/software/software/GCCcore/9.3.0/bin/cc   -v -o CMakeFiles/cmTC_0fb5c.dir/CMakeCCompilerABI.c.o   -c /opt/software/software/CMake/3.16.4-GCCcore-9.3.0/share/cmake-3.16/Modules/CMakeCCompilerABI.c]
  ignore line: [Using built-in specs.]
  ignore line: [COLLECT_GCC=/opt/software/software/GCCcore/9.3.0/bin/cc]
  ignore line: [Target: x86_64-pc-linux-gnu]
  ignore line: [Configured with: ../configure --enable-languages=c,c++,fortran --enable-lto --enable-checking=release --disable-multilib --enable-shared=yes --enable-static=yes --enable-threads=posix --enable-plugins --enable-gold=default --enable-ld --with-plugin-ld=ld.gold --prefix=/opt/software/software/GCCcore/9.3.0 --with-local-prefix=/opt/software/software/GCCcore/9.3.0 --enable-bootstrap --with-isl=/tmp/easybuild/GCCcore/9.3.0/system-system/gcc-9.3.0/stage2_stuff]
  ignore line: [Thread model: posix]
  ignore line: [gcc version 9.3.0 (GCC) ]
  ignore line: [COLLECT_GCC_OPTIONS='-v' '-o' 'CMakeFiles/cmTC_0fb5c.dir/CMakeCCompilerABI.c.o' '-c' '-mtune=generic' '-march=x86-64']
  ignore line: [ /opt/software/software/GCCcore/9.3.0/libexec/gcc/x86_64-pc-linux-gnu/9.3.0/cc1 -quiet -v /opt/software/software/CMake/3.16.4-GCCcore-9.3.0/share/cmake-3.16/Modules/CMakeCCompilerABI.c -quiet -dumpbase CMakeCCompilerABI.c -mtune=generic -march=x86-64 -auxbase-strip CMakeFiles/cmTC_0fb5c.dir/CMakeCCompilerABI.c.o -version -o /tmp/ccAA7VAY.s]
  ignore line: [GNU C17 (GCC) version 9.3.0 (x86_64-pc-linux-gnu)]
  ignore line: [	compiled by GNU C version 9.3.0  GMP version 6.2.0  MPFR version 4.0.2  MPC version 1.1.0  isl version isl-0.22.1-GMP]
  ignore line: []
  ignore line: [GGC heuristics: --param ggc-min-expand=100 --param ggc-min-heapsize=131072]
  ignore line: [ignoring nonexistent directory "/opt/software/software/GCCcore/9.3.0/lib/gcc/x86_64-pc-linux-gnu/9.3.0/../../../../x86_64-pc-linux-gnu/include"]
  ignore line: [#include "..." search starts here:]
  ignore line: [#include <...> search starts here:]
  ignore line: [ /opt/software/software/ScaLAPACK/2.1.0-gompi-2020a/include]
  ignore line: [ /opt/software/software/FFTW/3.3.8-gompi-2020a/include]
  ignore line: [ /opt/software/software/OpenBLAS/0.3.9-GCC-9.3.0/include]
  ignore line: [ /opt/software/software/OpenMPI/4.0.3-GCC-9.3.0/include]
  ignore line: [ /opt/software/software/UCX/1.8.0-GCCcore-9.3.0/include]
  ignore line: [ /opt/software/software/hwloc/2.2.0-GCCcore-9.3.0/include]
  ignore line: [ /opt/software/software/libpciaccess/0.16-GCCcore-9.3.0/include]
  ignore line: [ /opt/software/software/libxml2/2.9.10-GCCcore-9.3.0/include/libxml2]
  ignore line: [ /opt/software/software/libxml2/2.9.10-GCCcore-9.3.0/include]
  ignore line: [ /opt/software/software/XZ/5.2.5-GCCcore-9.3.0/include]
  ignore line: [ /opt/software/software/numactl/2.0.13-GCCcore-9.3.0/include]
  ignore line: [ /opt/software/software/binutils/2.34-GCCcore-9.3.0/include]
  ignore line: [ /opt/software/software/cURL/7.69.1-GCCcore-9.3.0/include]
  ignore line: [ /opt/software/software/bzip2/1.0.8-GCCcore-9.3.0/include]
  ignore line: [ /opt/software/software/zlib/1.2.11-GCCcore-9.3.0/include]
  ignore line: [ /opt/software/software/ncurses/6.2-GCCcore-9.3.0/include]
  ignore line: [ /opt/software/software/googletest/1.10.0-GCCcore-9.3.0/include]
  ignore line: [ /opt/software/software/GCCcore/9.3.0/lib/gcc/x86_64-pc-linux-gnu/9.3.0/include]
  ignore line: [ /opt/software/software/GCCcore/9.3.0/include]
  ignore line: [ /opt/software/software/GCCcore/9.3.0/lib/gcc/x86_64-pc-linux-gnu/9.3.0/include-fixed]
  ignore line: [ /usr/include]
  ignore line: [End of search list.]
  ignore line: [GNU C17 (GCC) version 9.3.0 (x86_64-pc-linux-gnu)]
  ignore line: [	compiled by GNU C version 9.3.0  GMP version 6.2.0  MPFR version 4.0.2  MPC version 1.1.0  isl version isl-0.22.1-GMP]
  ignore line: []
  ignore line: [GGC heuristics: --param ggc-min-expand=100 --param ggc-min-heapsize=131072]
  ignore line: [Compiler executable checksum: c4d51f72977bc31bd6d0bc6bb2f8405a]
  ignore line: [COLLECT_GCC_OPTIONS='-v' '-o' 'CMakeFiles/cmTC_0fb5c.dir/CMakeCCompilerABI.c.o' '-c' '-mtune=generic' '-march=x86-64']
  ignore line: [ as -v --64 -o CMakeFiles/cmTC_0fb5c.dir/CMakeCCompilerABI.c.o /tmp/ccAA7VAY.s]
  ignore line: [GNU assembler version 2.34 (x86_64-pc-linux-gnu) using BFD version (GNU Binutils) 2.34]
  ignore line: [COMPILER_PATH=/opt/software/software/GCCcore/9.3.0/libexec/gcc/x86_64-pc-linux-gnu/9.3.0/:/opt/software/software/GCCcore/9.3.0/libexec/gcc/x86_64-pc-linux-gnu/9.3.0/:/opt/software/software/GCCcore/9.3.0/libexec/gcc/x86_64-pc-linux-gnu/:/opt/software/software/GCCcore/9.3.0/lib/gcc/x86_64-pc-linux-gnu/9.3.0/:/opt/software/software/GCCcore/9.3.0/lib/gcc/x86_64-pc-linux-gnu/]
  ignore line: [LIBRARY_PATH=/opt/software/software/googletest/1.10.0-GCCcore-9.3.0/lib/../lib64/:/opt/software/software/GCCcore/9.3.0/lib/gcc/x86_64-pc-linux-gnu/9.3.0/:/opt/software/software/GCCcore/9.3.0/lib/gcc/x86_64-pc-linux-gnu/9.3.0/../../../../lib64/:/lib/../lib64/:/usr/lib/../lib64/:/opt/software/software/ScaLAPACK/2.1.0-gompi-2020a/lib/:/opt/software/software/FFTW/3.3.8-gompi-2020a/lib/:/opt/software/software/OpenBLAS/0.3.9-GCC-9.3.0/lib/:/opt/software/software/OpenMPI/4.0.3-GCC-9.3.0/lib/:/opt/software/software/UCX/1.8.0-GCCcore-9.3.0/lib/:/opt/software/software/hwloc/2.2.0-GCCcore-9.3.0/lib/:/opt/software/software/libpciaccess/0.16-GCCcore-9.3.0/lib/:/opt/software/software/libxml2/2.9.10-GCCcore-9.3.0/lib/:/opt/software/software/XZ/5.2.5-GCCcore-9.3.0/lib/:/opt/software/software/numactl/2.0.13-GCCcore-9.3.0/lib/:/opt/software/software/binutils/2.34-GCCcore-9.3.0/lib/:/opt/software/software/cURL/7.69.1-GCCcore-9.3.0/lib/:/opt/software/software/bzip2/1.0.8-GCCcore-9.3.0/lib/:/opt/software/software/zlib/1.2.11-GCCcore-9.3.0/lib/:/opt/software/software/ncurses/6.2-GCCcore-9.3.0/lib/:/opt/software/software/googletest/1.10.0-GCCcore-9.3.0/lib/:/opt/software/software/GCCcore/9.3.0/lib/gcc/x86_64-pc-linux-gnu/9.3.0/../../../:/lib/:/usr/lib/]
  ignore line: [COLLECT_GCC_OPTIONS='-v' '-o' 'CMakeFiles/cmTC_0fb5c.dir/CMakeCCompilerABI.c.o' '-c' '-mtune=generic' '-march=x86-64']
  ignore line: [Linking C executable cmTC_0fb5c]
  ignore line: [/opt/software/software/CMake/3.16.4-GCCcore-9.3.0/bin/cmake -E cmake_link_script CMakeFiles/cmTC_0fb5c.dir/link.txt --verbose=1]
  ignore line: [/opt/software/software/GCCcore/9.3.0/bin/cc     -v -rdynamic CMakeFiles/cmTC_0fb5c.dir/CMakeCCompilerABI.c.o  -o cmTC_0fb5c ]
  ignore line: [Using built-in specs.]
  ignore line: [COLLECT_GCC=/opt/software/software/GCCcore/9.3.0/bin/cc]
  ignore line: [COLLECT_LTO_WRAPPER=/opt/software/software/GCCcore/9.3.0/libexec/gcc/x86_64-pc-linux-gnu/9.3.0/lto-wrapper]
  ignore line: [Target: x86_64-pc-linux-gnu]
  ignore line: [Configured with: ../configure --enable-languages=c,c++,fortran --enable-lto --enable-checking=release --disable-multilib --enable-shared=yes --enable-static=yes --enable-threads=posix --enable-plugins --enable-gold=default --enable-ld --with-plugin-ld=ld.gold --prefix=/opt/software/software/GCCcore/9.3.0 --with-local-prefix=/opt/software/software/GCCcore/9.3.0 --enable-bootstrap --with-isl=/tmp/easybuild/GCCcore/9.3.0/system-system/gcc-9.3.0/stage2_stuff]
  ignore line: [Thread model: posix]
  ignore line: [gcc version 9.3.0 (GCC) ]
  ignore line: [COMPILER_PATH=/opt/software/software/GCCcore/9.3.0/libexec/gcc/x86_64-pc-linux-gnu/9.3.0/:/opt/software/software/GCCcore/9.3.0/libexec/gcc/x86_64-pc-linux-gnu/9.3.0/:/opt/software/software/GCCcore/9.3.0/libexec/gcc/x86_64-pc-linux-gnu/:/opt/software/software/GCCcore/9.3.0/lib/gcc/x86_64-pc-linux-gnu/9.3.0/:/opt/software/software/GCCcore/9.3.0/lib/gcc/x86_64-pc-linux-gnu/]
  ignore line: [LIBRARY_PATH=/opt/software/software/googletest/1.10.0-GCCcore-9.3.0/lib/../lib64/:/opt/software/software/GCCcore/9.3.0/lib/gcc/x86_64-pc-linux-gnu/9.3.0/:/opt/software/software/GCCcore/9.3.0/lib/gcc/x86_64-pc-linux-gnu/9.3.0/../../../../lib64/:/lib/../lib64/:/usr/lib/../lib64/:/opt/software/software/ScaLAPACK/2.1.0-gompi-2020a/lib/:/opt/software/software/FFTW/3.3.8-gompi-2020a/lib/:/opt/software/software/OpenBLAS/0.3.9-GCC-9.3.0/lib/:/opt/software/software/OpenMPI/4.0.3-GCC-9.3.0/lib/:/opt/software/software/UCX/1.8.0-GCCcore-9.3.0/lib/:/opt/software/software/hwloc/2.2.0-GCCcore-9.3.0/lib/:/opt/software/software/libpciaccess/0.16-GCCcore-9.3.0/lib/:/opt/software/software/libxml2/2.9.10-GCCcore-9.3.0/lib/:/opt/software/software/XZ/5.2.5-GCCcore-9.3.0/lib/:/opt/software/software/numactl/2.0.13-GCCcore-9.3.0/lib/:/opt/software/software/binutils/2.34-GCCcore-9.3.0/lib/:/opt/software/software/cURL/7.69.1-GCCcore-9.3.0/lib/:/opt/software/software/bzip2/1.0.8-GCCcore-9.3.0/lib/:/opt/software/software/zlib/1.2.11-GCCcore-9.3.0/lib/:/opt/software/software/ncurses/6.2-GCCcore-9.3.0/lib/:/opt/software/software/googletest/1.10.0-GCCcore-9.3.0/lib/:/opt/software/software/GCCcore/9.3.0/lib/gcc/x86_64-pc-linux-gnu/9.3.0/../../../:/lib/:/usr/lib/]
  ignore line: [COLLECT_GCC_OPTIONS='-v' '-rdynamic' '-o' 'cmTC_0fb5c' '-mtune=generic' '-march=x86-64']
  link line: [ /opt/software/software/GCCcore/9.3.0/libexec/gcc/x86_64-pc-linux-gnu/9.3.0/collect2 -plugin /opt/software/software/GCCcore/9.3.0/libexec/gcc/x86_64-pc-linux-gnu/9.3.0/liblto_plugin.so -plugin-opt=/opt/software/software/GCCcore/9.3.0/libexec/gcc/x86_64-pc-linux-gnu/9.3.0/lto-wrapper -plugin-opt=-fresolution=/tmp/ccFE0zYb.res -plugin-opt=-pass-through=-lgcc -plugin-opt=-pass-through=-lgcc_s -plugin-opt=-pass-through=-lc -plugin-opt=-pass-through=-lgcc -plugin-opt=-pass-through=-lgcc_s --eh-frame-hdr -m elf_x86_64 -export-dynamic -dynamic-linker /lib64/ld-linux-x86-64.so.2 -o cmTC_0fb5c /lib/../lib64/crt1.o /lib/../lib64/crti.o /opt/software/software/GCCcore/9.3.0/lib/gcc/x86_64-pc-linux-gnu/9.3.0/crtbegin.o -L/opt/software/software/googletest/1.10.0-GCCcore-9.3.0/lib/../lib64 -L/opt/software/software/GCCcore/9.3.0/lib/gcc/x86_64-pc-linux-gnu/9.3.0 -L/opt/software/software/GCCcore/9.3.0/lib/gcc/x86_64-pc-linux-gnu/9.3.0/../../../../lib64 -L/lib/../lib64 -L/usr/lib/../lib64 -L/opt/software/software/ScaLAPACK/2.1.0-gompi-2020a/lib -L/opt/software/software/FFTW/3.3.8-gompi-2020a/lib -L/opt/software/software/OpenBLAS/0.3.9-GCC-9.3.0/lib -L/opt/software/software/OpenMPI/4.0.3-GCC-9.3.0/lib -L/opt/software/software/UCX/1.8.0-GCCcore-9.3.0/lib -L/opt/software/software/hwloc/2.2.0-GCCcore-9.3.0/lib -L/opt/software/software/libpciaccess/0.16-GCCcore-9.3.0/lib -L/opt/software/software/libxml2/2.9.10-GCCcore-9.3.0/lib -L/opt/software/software/XZ/5.2.5-GCCcore-9.3.0/lib -L/opt/software/software/numactl/2.0.13-GCCcore-9.3.0/lib -L/opt/software/software/binutils/2.34-GCCcore-9.3.0/lib -L/opt/software/software/cURL/7.69.1-GCCcore-9.3.0/lib -L/opt/software/software/bzip2/1.0.8-GCCcore-9.3.0/lib -L/opt/software/software/zlib/1.2.11-GCCcore-9.3.0/lib -L/opt/software/software/ncurses/6.2-GCCcore-9.3.0/lib -L/opt/software/software/googletest/1.10.0-GCCcore-9.3.0/lib -L/opt/software/software/GCCcore/9.3.0/lib/gcc/x86_64-pc-linux-gnu/9.3.0/../../.. CMakeFiles/cmTC_0fb5c.dir/CMakeCCompilerABI.c.o -lgcc --push-state --as-needed -lgcc_s --pop-state -lc -lgcc --push-state --as-needed -lgcc_s --pop-state /opt/software/software/GCCcore/9.3.0/lib/gcc/x86_64-pc-linux-gnu/9.3.0/crtend.o /lib/../lib64/crtn.o]
    arg [/opt/software/software/GCCcore/9.3.0/libexec/gcc/x86_64-pc-linux-gnu/9.3.0/collect2] ==> ignore
    arg [-plugin] ==> ignore
    arg [/opt/software/software/GCCcore/9.3.0/libexec/gcc/x86_64-pc-linux-gnu/9.3.0/liblto_plugin.so] ==> ignore
    arg [-plugin-opt=/opt/software/software/GCCcore/9.3.0/libexec/gcc/x86_64-pc-linux-gnu/9.3.0/lto-wrapper] ==> ignore
    arg [-plugin-opt=-fresolution=/tmp/ccFE0zYb.res] ==> ignore
    arg [-plugin-opt=-pass-through=-lgcc] ==> ignore
    arg [-plugin-opt=-pass-through=-lgcc_s] ==> ignore
    arg [-plugin-opt=-pass-through=-lc] ==> ignore
    arg [-plugin-opt=-pass-through=-lgcc] ==> ignore
    arg [-plugin-opt=-pass-through=-lgcc_s] ==> ignore
    arg [--eh-frame-hdr] ==> ignore
    arg [-m] ==> ignore
    arg [elf_x86_64] ==> ignore
    arg [-export-dynamic] ==> ignore
    arg [-dynamic-linker] ==> ignore
    arg [/lib64/ld-linux-x86-64.so.2] ==> ignore
    arg [-o] ==> ignore
    arg [cmTC_0fb5c] ==> ignore
    arg [/lib/../lib64/crt1.o] ==> ignore
    arg [/lib/../lib64/crti.o] ==> ignore
    arg [/opt/software/software/GCCcore/9.3.0/lib/gcc/x86_64-pc-linux-gnu/9.3.0/crtbegin.o] ==> ignore
    arg [-L/opt/software/software/googletest/1.10.0-GCCcore-9.3.0/lib/../lib64] ==> dir [/opt/software/software/googletest/1.10.0-GCCcore-9.3.0/lib/../lib64]
    arg [-L/opt/software/software/GCCcore/9.3.0/lib/gcc/x86_64-pc-linux-gnu/9.3.0] ==> dir [/opt/software/software/GCCcore/9.3.0/lib/gcc/x86_64-pc-linux-gnu/9.3.0]
    arg [-L/opt/software/software/GCCcore/9.3.0/lib/gcc/x86_64-pc-linux-gnu/9.3.0/../../../../lib64] ==> dir [/opt/software/software/GCCcore/9.3.0/lib/gcc/x86_64-pc-linux-gnu/9.3.0/../../../../lib64]
    arg [-L/lib/../lib64] ==> dir [/lib/../lib64]
    arg [-L/usr/lib/../lib64] ==> dir [/usr/lib/../lib64]
    arg [-L/opt/software/software/ScaLAPACK/2.1.0-gompi-2020a/lib] ==> dir [/opt/software/software/ScaLAPACK/2.1.0-gompi-2020a/lib]
    arg [-L/opt/software/software/FFTW/3.3.8-gompi-2020a/lib] ==> dir [/opt/software/software/FFTW/3.3.8-gompi-2020a/lib]
    arg [-L/opt/software/software/OpenBLAS/0.3.9-GCC-9.3.0/lib] ==> dir [/opt/software/software/OpenBLAS/0.3.9-GCC-9.3.0/lib]
    arg [-L/opt/software/software/OpenMPI/4.0.3-GCC-9.3.0/lib] ==> dir [/opt/software/software/OpenMPI/4.0.3-GCC-9.3.0/lib]
    arg [-L/opt/software/software/UCX/1.8.0-GCCcore-9.3.0/lib] ==> dir [/opt/software/software/UCX/1.8.0-GCCcore-9.3.0/lib]
    arg [-L/opt/software/software/hwloc/2.2.0-GCCcore-9.3.0/lib] ==> dir [/opt/software/software/hwloc/2.2.0-GCCcore-9.3.0/lib]
    arg [-L/opt/software/software/libpciaccess/0.16-GCCcore-9.3.0/lib] ==> dir [/opt/software/software/libpciaccess/0.16-GCCcore-9.3.0/lib]
    arg [-L/opt/software/software/libxml2/2.9.10-GCCcore-9.3.0/lib] ==> dir [/opt/software/software/libxml2/2.9.10-GCCcore-9.3.0/lib]
    arg [-L/opt/software/software/XZ/5.2.5-GCCcore-9.3.0/lib] ==> dir [/opt/software/software/XZ/5.2.5-GCCcore-9.3.0/lib]
    arg [-L/opt/software/software/numactl/2.0.13-GCCcore-9.3.0/lib] ==> dir [/opt/software/software/numactl/2.0.13-GCCcore-9.3.0/lib]
    arg [-L/opt/software/software/binutils/2.34-GCCcore-9.3.0/lib] ==> dir [/opt/software/software/binutils/2.34-GCCcore-9.3.0/lib]
    arg [-L/opt/software/software/cURL/7.69.1-GCCcore-9.3.0/lib] ==> dir [/opt/software/software/cURL/7.69.1-GCCcore-9.3.0/lib]
    arg [-L/opt/software/software/bzip2/1.0.8-GCCcore-9.3.0/lib] ==> dir [/opt/software/software/bzip2/1.0.8-GCCcore-9.3.0/lib]
    arg [-L/opt/software/software/zlib/1.2.11-GCCcore-9.3.0/lib] ==> dir [/opt/software/software/zlib/1.2.11-GCCcore-9.3.0/lib]
    arg [-L/opt/software/software/ncurses/6.2-GCCcore-9.3.0/lib] ==> dir [/opt/software/software/ncurses/6.2-GCCcore-9.3.0/lib]
    arg [-L/opt/software/software/googletest/1.10.0-GCCcore-9.3.0/lib] ==> dir [/opt/software/software/googletest/1.10.0-GCCcore-9.3.0/lib]
    arg [-L/opt/software/software/GCCcore/9.3.0/lib/gcc/x86_64-pc-linux-gnu/9.3.0/../../..] ==> dir [/opt/software/software/GCCcore/9.3.0/lib/gcc/x86_64-pc-linux-gnu/9.3.0/../../..]
    arg [CMakeFiles/cmTC_0fb5c.dir/CMakeCCompilerABI.c.o] ==> ignore
    arg [-lgcc] ==> lib [gcc]
    arg [--push-state] ==> ignore
    arg [--as-needed] ==> ignore
    arg [-lgcc_s] ==> lib [gcc_s]
    arg [--pop-state] ==> ignore
    arg [-lc] ==> lib [c]
    arg [-lgcc] ==> lib [gcc]
    arg [--push-state] ==> ignore
    arg [--as-needed] ==> ignore
    arg [-lgcc_s] ==> lib [gcc_s]
    arg [--pop-state] ==> ignore
    arg [/opt/software/software/GCCcore/9.3.0/lib/gcc/x86_64-pc-linux-gnu/9.3.0/crtend.o] ==> ignore
    arg [/lib/../lib64/crtn.o] ==> ignore
  collapse library dir [/opt/software/software/googletest/1.10.0-GCCcore-9.3.0/lib/../lib64] ==> [/opt/software/software/googletest/1.10.0-GCCcore-9.3.0/lib64]
  collapse library dir [/opt/software/software/GCCcore/9.3.0/lib/gcc/x86_64-pc-linux-gnu/9.3.0] ==> [/opt/software/software/GCCcore/9.3.0/lib/gcc/x86_64-pc-linux-gnu/9.3.0]
  collapse library dir [/opt/software/software/GCCcore/9.3.0/lib/gcc/x86_64-pc-linux-gnu/9.3.0/../../../../lib64] ==> [/opt/software/software/GCCcore/9.3.0/lib64]
  collapse library dir [/lib/../lib64] ==> [/lib64]
  collapse library dir [/usr/lib/../lib64] ==> [/usr/lib64]
  collapse library dir [/opt/software/software/ScaLAPACK/2.1.0-gompi-2020a/lib] ==> [/opt/software/software/ScaLAPACK/2.1.0-gompi-2020a/lib]
  collapse library dir [/opt/software/software/FFTW/3.3.8-gompi-2020a/lib] ==> [/opt/software/software/FFTW/3.3.8-gompi-2020a/lib]
  collapse library dir [/opt/software/software/OpenBLAS/0.3.9-GCC-9.3.0/lib] ==> [/opt/software/software/OpenBLAS/0.3.9-GCC-9.3.0/lib]
  collapse library dir [/opt/software/software/OpenMPI/4.0.3-GCC-9.3.0/lib] ==> [/opt/software/software/OpenMPI/4.0.3-GCC-9.3.0/lib]
  collapse library dir [/opt/software/software/UCX/1.8.0-GCCcore-9.3.0/lib] ==> [/opt/software/software/UCX/1.8.0-GCCcore-9.3.0/lib]
  collapse library dir [/opt/software/software/hwloc/2.2.0-GCCcore-9.3.0/lib] ==> [/opt/software/software/hwloc/2.2.0-GCCcore-9.3.0/lib]
  collapse library dir [/opt/software/software/libpciaccess/0.16-GCCcore-9.3.0/lib] ==> [/opt/software/software/libpciaccess/0.16-GCCcore-9.3.0/lib]
  collapse library dir [/opt/software/software/libxml2/2.9.10-GCCcore-9.3.0/lib] ==> [/opt/software/software/libxml2/2.9.10-GCCcore-9.3.0/lib]
  collapse library dir [/opt/software/software/XZ/5.2.5-GCCcore-9.3.0/lib] ==> [/opt/software/software/XZ/5.2.5-GCCcore-9.3.0/lib]
  collapse library dir [/opt/software/software/numactl/2.0.13-GCCcore-9.3.0/lib] ==> [/opt/software/software/numactl/2.0.13-GCCcore-9.3.0/lib]
  collapse library dir [/opt/software/software/binutils/2.34-GCCcore-9.3.0/lib] ==> [/opt/software/software/binutils/2.34-GCCcore-9.3.0/lib]
  collapse library dir [/opt/software/software/cURL/7.69.1-GCCcore-9.3.0/lib] ==> [/opt/software/software/cURL/7.69.1-GCCcore-9.3.0/lib]
  collapse library dir [/opt/software/software/bzip2/1.0.8-GCCcore-9.3.0/lib] ==> [/opt/software/software/bzip2/1.0.8-GCCcore-9.3.0/lib]
  collapse library dir [/opt/software/software/zlib/1.2.11-GCCcore-9.3.0/lib] ==> [/opt/software/software/zlib/1.2.11-GCCcore-9.3.0/lib]
  collapse library dir [/opt/software/software/ncurses/6.2-GCCcore-9.3.0/lib] ==> [/opt/software/software/ncurses/6.2-GCCcore-9.3.0/lib]
  collapse library dir [/opt/software/software/googletest/1.10.0-GCCcore-9.3.0/lib] ==> [/opt/software/software/googletest/1.10.0-GCCcore-9.3.0/lib]
  collapse library dir [/opt/software/software/GCCcore/9.3.0/lib/gcc/x86_64-pc-linux-gnu/9.3.0/../../..] ==> [/opt/software/software/GCCcore/9.3.0/lib]
  implicit libs: [gcc;gcc_s;c;gcc;gcc_s]
  implicit dirs: [/opt/software/software/googletest/1.10.0-GCCcore-9.3.0/lib64;/opt/software/software/GCCcore/9.3.0/lib/gcc/x86_64-pc-linux-gnu/9.3.0;/opt/software/software/GCCcore/9.3.0/lib64;/lib64;/usr/lib64;/opt/software/software/ScaLAPACK/2.1.0-gompi-2020a/lib;/opt/software/software/FFTW/3.3.8-gompi-2020a/lib;/opt/software/software/OpenBLAS/0.3.9-GCC-9.3.0/lib;/opt/software/software/OpenMPI/4.0.3-GCC-9.3.0/lib;/opt/software/software/UCX/1.8.0-GCCcore-9.3.0/lib;/opt/software/software/hwloc/2.2.0-GCCcore-9.3.0/lib;/opt/software/software/libpciaccess/0.16-GCCcore-9.3.0/lib;/opt/software/software/libxml2/2.9.10-GCCcore-9.3.0/lib;/opt/software/software/XZ/5.2.5-GCCcore-9.3.0/lib;/opt/software/software/numactl/2.0.13-GCCcore-9.3.0/lib;/opt/software/software/binutils/2.34-GCCcore-9.3.0/lib;/opt/software/software/cURL/7.69.1-GCCcore-9.3.0/lib;/opt/software/software/bzip2/1.0.8-GCCcore-9.3.0/lib;/opt/software/software/zlib/1.2.11-GCCcore-9.3.0/lib;/opt/software/software/ncurses/6.2-GCCcore-9.3.0/lib;/opt/software/software/googletest/1.10.0-GCCcore-9.3.0/lib;/opt/software/software/GCCcore/9.3.0/lib]
  implicit fwks: []


Determining if the CXX compiler works passed with the following output:
Change Dir: /homes/ronnyim12345/hw2/build/CMakeFiles/CMakeTmp

Run Build Command(s):/usr/bin/gmake cmTC_3b0d5/fast && /usr/bin/gmake -f CMakeFiles/cmTC_3b0d5.dir/build.make CMakeFiles/cmTC_3b0d5.dir/build
gmake[1]: Entering directory `/homes/ronnyim12345/hw2/build/CMakeFiles/CMakeTmp'
Building CXX object CMakeFiles/cmTC_3b0d5.dir/testCXXCompiler.cxx.o
/opt/software/software/GCCcore/9.3.0/bin/c++     -o CMakeFiles/cmTC_3b0d5.dir/testCXXCompiler.cxx.o -c /homes/ronnyim12345/hw2/build/CMakeFiles/CMakeTmp/testCXXCompiler.cxx
Linking CXX executable cmTC_3b0d5
/opt/software/software/CMake/3.16.4-GCCcore-9.3.0/bin/cmake -E cmake_link_script CMakeFiles/cmTC_3b0d5.dir/link.txt --verbose=1
/opt/software/software/GCCcore/9.3.0/bin/c++       -rdynamic CMakeFiles/cmTC_3b0d5.dir/testCXXCompiler.cxx.o  -o cmTC_3b0d5 
gmake[1]: Leaving directory `/homes/ronnyim12345/hw2/build/CMakeFiles/CMakeTmp'



Detecting CXX compiler ABI info compiled with the following output:
Change Dir: /homes/ronnyim12345/hw2/build/CMakeFiles/CMakeTmp

Run Build Command(s):/usr/bin/gmake cmTC_ffc93/fast && /usr/bin/gmake -f CMakeFiles/cmTC_ffc93.dir/build.make CMakeFiles/cmTC_ffc93.dir/build
gmake[1]: Entering directory `/homes/ronnyim12345/hw2/build/CMakeFiles/CMakeTmp'
Building CXX object CMakeFiles/cmTC_ffc93.dir/CMakeCXXCompilerABI.cpp.o
/opt/software/software/GCCcore/9.3.0/bin/c++    -v -o CMakeFiles/cmTC_ffc93.dir/CMakeCXXCompilerABI.cpp.o -c /opt/software/software/CMake/3.16.4-GCCcore-9.3.0/share/cmake-3.16/Modules/CMakeCXXCompilerABI.cpp
Using built-in specs.
COLLECT_GCC=/opt/software/software/GCCcore/9.3.0/bin/c++
Target: x86_64-pc-linux-gnu
Configured with: ../configure --enable-languages=c,c++,fortran --enable-lto --enable-checking=release --disable-multilib --enable-shared=yes --enable-static=yes --enable-threads=posix --enable-plugins --enable-gold=default --enable-ld --with-plugin-ld=ld.gold --prefix=/opt/software/software/GCCcore/9.3.0 --with-local-prefix=/opt/software/software/GCCcore/9.3.0 --enable-bootstrap --with-isl=/tmp/easybuild/GCCcore/9.3.0/system-system/gcc-9.3.0/stage2_stuff
Thread model: posix
gcc version 9.3.0 (GCC) 
COLLECT_GCC_OPTIONS='-v' '-o' 'CMakeFiles/cmTC_ffc93.dir/CMakeCXXCompilerABI.cpp.o' '-c' '-shared-libgcc' '-mtune=generic' '-march=x86-64'
 /opt/software/software/GCCcore/9.3.0/libexec/gcc/x86_64-pc-linux-gnu/9.3.0/cc1plus -quiet -v -D_GNU_SOURCE /opt/software/software/CMake/3.16.4-GCCcore-9.3.0/share/cmake-3.16/Modules/CMakeCXXCompilerABI.cpp -quiet -dumpbase CMakeCXXCompilerABI.cpp -mtune=generic -march=x86-64 -auxbase-strip CMakeFiles/cmTC_ffc93.dir/CMakeCXXCompilerABI.cpp.o -version -o /tmp/ccUljNop.s
GNU C++14 (GCC) version 9.3.0 (x86_64-pc-linux-gnu)
	compiled by GNU C version 9.3.0, GMP version 6.2.0, MPFR version 4.0.2, MPC version 1.1.0, isl version isl-0.22.1-GMP

GGC heuristics: --param ggc-min-expand=100 --param ggc-min-heapsize=131072
ignoring nonexistent directory "/opt/software/software/GCCcore/9.3.0/lib/gcc/x86_64-pc-linux-gnu/9.3.0/../../../../x86_64-pc-linux-gnu/include"
#include "..." search starts here:
#include <...> search starts here:
 /opt/software/software/ScaLAPACK/2.1.0-gompi-2020a/include
 /opt/software/software/FFTW/3.3.8-gompi-2020a/include
 /opt/software/software/OpenBLAS/0.3.9-GCC-9.3.0/include
 /opt/software/software/OpenMPI/4.0.3-GCC-9.3.0/include
 /opt/software/software/UCX/1.8.0-GCCcore-9.3.0/include
 /opt/software/software/hwloc/2.2.0-GCCcore-9.3.0/include
 /opt/software/software/libpciaccess/0.16-GCCcore-9.3.0/include
 /opt/software/software/libxml2/2.9.10-GCCcore-9.3.0/include/libxml2
 /opt/software/software/libxml2/2.9.10-GCCcore-9.3.0/include
 /opt/software/software/XZ/5.2.5-GCCcore-9.3.0/include
 /opt/software/software/numactl/2.0.13-GCCcore-9.3.0/include
 /opt/software/software/binutils/2.34-GCCcore-9.3.0/include
 /opt/software/software/cURL/7.69.1-GCCcore-9.3.0/include
 /opt/software/software/bzip2/1.0.8-GCCcore-9.3.0/include
 /opt/software/software/zlib/1.2.11-GCCcore-9.3.0/include
 /opt/software/software/ncurses/6.2-GCCcore-9.3.0/include
 /opt/software/software/googletest/1.10.0-GCCcore-9.3.0/include
 /opt/software/software/GCCcore/9.3.0/lib/gcc/x86_64-pc-linux-gnu/9.3.0/../../../../include/c++/9.3.0
 /opt/software/software/GCCcore/9.3.0/lib/gcc/x86_64-pc-linux-gnu/9.3.0/../../../../include/c++/9.3.0/x86_64-pc-linux-gnu
 /opt/software/software/GCCcore/9.3.0/lib/gcc/x86_64-pc-linux-gnu/9.3.0/../../../../include/c++/9.3.0/backward
 /opt/software/software/GCCcore/9.3.0/lib/gcc/x86_64-pc-linux-gnu/9.3.0/include
 /opt/software/software/GCCcore/9.3.0/include
 /opt/software/software/GCCcore/9.3.0/lib/gcc/x86_64-pc-linux-gnu/9.3.0/include-fixed
 /usr/include
End of search list.
GNU C++14 (GCC) version 9.3.0 (x86_64-pc-linux-gnu)
	compiled by GNU C version 9.3.0, GMP version 6.2.0, MPFR version 4.0.2, MPC version 1.1.0, isl version isl-0.22.1-GMP

GGC heuristics: --param ggc-min-expand=100 --param ggc-min-heapsize=131072
Compiler executable checksum: 53c232575a99550e65013fdab0371664
COLLECT_GCC_OPTIONS='-v' '-o' 'CMakeFiles/cmTC_ffc93.dir/CMakeCXXCompilerABI.cpp.o' '-c' '-shared-libgcc' '-mtune=generic' '-march=x86-64'
 as -v --64 -o CMakeFiles/cmTC_ffc93.dir/CMakeCXXCompilerABI.cpp.o /tmp/ccUljNop.s
GNU assembler version 2.34 (x86_64-pc-linux-gnu) using BFD version (GNU Binutils) 2.34
COMPILER_PATH=/opt/software/software/GCCcore/9.3.0/libexec/gcc/x86_64-pc-linux-gnu/9.3.0/:/opt/software/software/GCCcore/9.3.0/libexec/gcc/x86_64-pc-linux-gnu/9.3.0/:/opt/software/software/GCCcore/9.3.0/libexec/gcc/x86_64-pc-linux-gnu/:/opt/software/software/GCCcore/9.3.0/lib/gcc/x86_64-pc-linux-gnu/9.3.0/:/opt/software/software/GCCcore/9.3.0/lib/gcc/x86_64-pc-linux-gnu/
LIBRARY_PATH=/opt/software/software/googletest/1.10.0-GCCcore-9.3.0/lib/../lib64/:/opt/software/software/GCCcore/9.3.0/lib/gcc/x86_64-pc-linux-gnu/9.3.0/:/opt/software/software/GCCcore/9.3.0/lib/gcc/x86_64-pc-linux-gnu/9.3.0/../../../../lib64/:/lib/../lib64/:/usr/lib/../lib64/:/opt/software/software/ScaLAPACK/2.1.0-gompi-2020a/lib/:/opt/software/software/FFTW/3.3.8-gompi-2020a/lib/:/opt/software/software/OpenBLAS/0.3.9-GCC-9.3.0/lib/:/opt/software/software/OpenMPI/4.0.3-GCC-9.3.0/lib/:/opt/software/software/UCX/1.8.0-GCCcore-9.3.0/lib/:/opt/software/software/hwloc/2.2.0-GCCcore-9.3.0/lib/:/opt/software/software/libpciaccess/0.16-GCCcore-9.3.0/lib/:/opt/software/software/libxml2/2.9.10-GCCcore-9.3.0/lib/:/opt/software/software/XZ/5.2.5-GCCcore-9.3.0/lib/:/opt/software/software/numactl/2.0.13-GCCcore-9.3.0/lib/:/opt/software/software/binutils/2.34-GCCcore-9.3.0/lib/:/opt/software/software/cURL/7.69.1-GCCcore-9.3.0/lib/:/opt/software/software/bzip2/1.0.8-GCCcore-9.3.0/lib/:/opt/software/software/zlib/1.2.11-GCCcore-9.3.0/lib/:/opt/software/software/ncurses/6.2-GCCcore-9.3.0/lib/:/opt/software/software/googletest/1.10.0-GCCcore-9.3.0/lib/:/opt/software/software/GCCcore/9.3.0/lib/gcc/x86_64-pc-linux-gnu/9.3.0/../../../:/lib/:/usr/lib/
COLLECT_GCC_OPTIONS='-v' '-o' 'CMakeFiles/cmTC_ffc93.dir/CMakeCXXCompilerABI.cpp.o' '-c' '-shared-libgcc' '-mtune=generic' '-march=x86-64'
Linking CXX executable cmTC_ffc93
/opt/software/software/CMake/3.16.4-GCCcore-9.3.0/bin/cmake -E cmake_link_script CMakeFiles/cmTC_ffc93.dir/link.txt --verbose=1
/opt/software/software/GCCcore/9.3.0/bin/c++      -v -rdynamic CMakeFiles/cmTC_ffc93.dir/CMakeCXXCompilerABI.cpp.o  -o cmTC_ffc93 
Using built-in specs.
COLLECT_GCC=/opt/software/software/GCCcore/9.3.0/bin/c++
COLLECT_LTO_WRAPPER=/opt/software/software/GCCcore/9.3.0/libexec/gcc/x86_64-pc-linux-gnu/9.3.0/lto-wrapper
Target: x86_64-pc-linux-gnu
Configured with: ../configure --enable-languages=c,c++,fortran --enable-lto --enable-checking=release --disable-multilib --enable-shared=yes --enable-static=yes --enable-threads=posix --enable-plugins --enable-gold=default --enable-ld --with-plugin-ld=ld.gold --prefix=/opt/software/software/GCCcore/9.3.0 --with-local-prefix=/opt/software/software/GCCcore/9.3.0 --enable-bootstrap --with-isl=/tmp/easybuild/GCCcore/9.3.0/system-system/gcc-9.3.0/stage2_stuff
Thread model: posix
gcc version 9.3.0 (GCC) 
COMPILER_PATH=/opt/software/software/GCCcore/9.3.0/libexec/gcc/x86_64-pc-linux-gnu/9.3.0/:/opt/software/software/GCCcore/9.3.0/libexec/gcc/x86_64-pc-linux-gnu/9.3.0/:/opt/software/software/GCCcore/9.3.0/libexec/gcc/x86_64-pc-linux-gnu/:/opt/software/software/GCCcore/9.3.0/lib/gcc/x86_64-pc-linux-gnu/9.3.0/:/opt/software/software/GCCcore/9.3.0/lib/gcc/x86_64-pc-linux-gnu/
LIBRARY_PATH=/opt/software/software/googletest/1.10.0-GCCcore-9.3.0/lib/../lib64/:/opt/software/software/GCCcore/9.3.0/lib/gcc/x86_64-pc-linux-gnu/9.3.0/:/opt/software/software/GCCcore/9.3.0/lib/gcc/x86_64-pc-linux-gnu/9.3.0/../../../../lib64/:/lib/../lib64/:/usr/lib/../lib64/:/opt/software/software/ScaLAPACK/2.1.0-gompi-2020a/lib/:/opt/software/software/FFTW/3.3.8-gompi-2020a/lib/:/opt/software/software/OpenBLAS/0.3.9-GCC-9.3.0/lib/:/opt/software/software/OpenMPI/4.0.3-GCC-9.3.0/lib/:/opt/software/software/UCX/1.8.0-GCCcore-9.3.0/lib/:/opt/software/software/hwloc/2.2.0-GCCcore-9.3.0/lib/:/opt/software/software/libpciaccess/0.16-GCCcore-9.3.0/lib/:/opt/software/software/libxml2/2.9.10-GCCcore-9.3.0/lib/:/opt/software/software/XZ/5.2.5-GCCcore-9.3.0/lib/:/opt/software/software/numactl/2.0.13-GCCcore-9.3.0/lib/:/opt/software/software/binutils/2.34-GCCcore-9.3.0/lib/:/opt/software/software/cURL/7.69.1-GCCcore-9.3.0/lib/:/opt/software/software/bzip2/1.0.8-GCCcore-9.3.0/lib/:/opt/software/software/zlib/1.2.11-GCCcore-9.3.0/lib/:/opt/software/software/ncurses/6.2-GCCcore-9.3.0/lib/:/opt/software/software/googletest/1.10.0-GCCcore-9.3.0/lib/:/opt/software/software/GCCcore/9.3.0/lib/gcc/x86_64-pc-linux-gnu/9.3.0/../../../:/lib/:/usr/lib/
COLLECT_GCC_OPTIONS='-v' '-rdynamic' '-o' 'cmTC_ffc93' '-shared-libgcc' '-mtune=generic' '-march=x86-64'
 /opt/software/software/GCCcore/9.3.0/libexec/gcc/x86_64-pc-linux-gnu/9.3.0/collect2 -plugin /opt/software/software/GCCcore/9.3.0/libexec/gcc/x86_64-pc-linux-gnu/9.3.0/liblto_plugin.so -plugin-opt=/opt/software/software/GCCcore/9.3.0/libexec/gcc/x86_64-pc-linux-gnu/9.3.0/lto-wrapper -plugin-opt=-fresolution=/tmp/ccEhQjIq.res -plugin-opt=-pass-through=-lgcc_s -plugin-opt=-pass-through=-lgcc -plugin-opt=-pass-through=-lc -plugin-opt=-pass-through=-lgcc_s -plugin-opt=-pass-through=-lgcc --eh-frame-hdr -m elf_x86_64 -export-dynamic -dynamic-linker /lib64/ld-linux-x86-64.so.2 -o cmTC_ffc93 /lib/../lib64/crt1.o /lib/../lib64/crti.o /opt/software/software/GCCcore/9.3.0/lib/gcc/x86_64-pc-linux-gnu/9.3.0/crtbegin.o -L/opt/software/software/googletest/1.10.0-GCCcore-9.3.0/lib/../lib64 -L/opt/software/software/GCCcore/9.3.0/lib/gcc/x86_64-pc-linux-gnu/9.3.0 -L/opt/software/software/GCCcore/9.3.0/lib/gcc/x86_64-pc-linux-gnu/9.3.0/../../../../lib64 -L/lib/../lib64 -L/usr/lib/../lib64 -L/opt/software/software/ScaLAPACK/2.1.0-gompi-2020a/lib -L/opt/software/software/FFTW/3.3.8-gompi-2020a/lib -L/opt/software/software/OpenBLAS/0.3.9-GCC-9.3.0/lib -L/opt/software/software/OpenMPI/4.0.3-GCC-9.3.0/lib -L/opt/software/software/UCX/1.8.0-GCCcore-9.3.0/lib -L/opt/software/software/hwloc/2.2.0-GCCcore-9.3.0/lib -L/opt/software/software/libpciaccess/0.16-GCCcore-9.3.0/lib -L/opt/software/software/libxml2/2.9.10-GCCcore-9.3.0/lib -L/opt/software/software/XZ/5.2.5-GCCcore-9.3.0/lib -L/opt/software/software/numactl/2.0.13-GCCcore-9.3.0/lib -L/opt/software/software/binutils/2.34-GCCcore-9.3.0/lib -L/opt/software/software/cURL/7.69.1-GCCcore-9.3.0/lib -L/opt/software/software/bzip2/1.0.8-GCCcore-9.3.0/lib -L/opt/software/software/zlib/1.2.11-GCCcore-9.3.0/lib -L/opt/software/software/ncurses/6.2-GCCcore-9.3.0/lib -L/opt/software/software/googletest/1.10.0-GCCcore-9.3.0/lib -L/opt/software/software/GCCcore/9.3.0/lib/gcc/x86_64-pc-linux-gnu/9.3.0/../../.. CMakeFiles/cmTC_ffc93.dir/CMakeCXXCompilerABI.cpp.o -lstdc++ -lm -lgcc_s -lgcc -lc -lgcc_s -lgcc /opt/software/software/GCCcore/9.3.0/lib/gcc/x86_64-pc-linux-gnu/9.3.0/crtend.o /lib/../lib64/crtn.o
COLLECT_GCC_OPTIONS='-v' '-rdynamic' '-o' 'cmTC_ffc93' '-shared-libgcc' '-mtune=generic' '-march=x86-64'
gmake[1]: Leaving directory `/homes/ronnyim12345/hw2/build/CMakeFiles/CMakeTmp'



Parsed CXX implicit include dir info from above output: rv=done
  found start of include info
  found start of implicit include info
    add: [/opt/software/software/ScaLAPACK/2.1.0-gompi-2020a/include]
    add: [/opt/software/software/FFTW/3.3.8-gompi-2020a/include]
    add: [/opt/software/software/OpenBLAS/0.3.9-GCC-9.3.0/include]
    add: [/opt/software/software/OpenMPI/4.0.3-GCC-9.3.0/include]
    add: [/opt/software/software/UCX/1.8.0-GCCcore-9.3.0/include]
    add: [/opt/software/software/hwloc/2.2.0-GCCcore-9.3.0/include]
    add: [/opt/software/software/libpciaccess/0.16-GCCcore-9.3.0/include]
    add: [/opt/software/software/libxml2/2.9.10-GCCcore-9.3.0/include/libxml2]
    add: [/opt/software/software/libxml2/2.9.10-GCCcore-9.3.0/include]
    add: [/opt/software/software/XZ/5.2.5-GCCcore-9.3.0/include]
    add: [/opt/software/software/numactl/2.0.13-GCCcore-9.3.0/include]
    add: [/opt/software/software/binutils/2.34-GCCcore-9.3.0/include]
    add: [/opt/software/software/cURL/7.69.1-GCCcore-9.3.0/include]
    add: [/opt/software/software/bzip2/1.0.8-GCCcore-9.3.0/include]
    add: [/opt/software/software/zlib/1.2.11-GCCcore-9.3.0/include]
    add: [/opt/software/software/ncurses/6.2-GCCcore-9.3.0/include]
    add: [/opt/software/software/googletest/1.10.0-GCCcore-9.3.0/include]
    add: [/opt/software/software/GCCcore/9.3.0/lib/gcc/x86_64-pc-linux-gnu/9.3.0/../../../../include/c++/9.3.0]
    add: [/opt/software/software/GCCcore/9.3.0/lib/gcc/x86_64-pc-linux-gnu/9.3.0/../../../../include/c++/9.3.0/x86_64-pc-linux-gnu]
    add: [/opt/software/software/GCCcore/9.3.0/lib/gcc/x86_64-pc-linux-gnu/9.3.0/../../../../include/c++/9.3.0/backward]
    add: [/opt/software/software/GCCcore/9.3.0/lib/gcc/x86_64-pc-linux-gnu/9.3.0/include]
    add: [/opt/software/software/GCCcore/9.3.0/include]
    add: [/opt/software/software/GCCcore/9.3.0/lib/gcc/x86_64-pc-linux-gnu/9.3.0/include-fixed]
    add: [/usr/include]
  end of search list found
  collapse include dir [/opt/software/software/ScaLAPACK/2.1.0-gompi-2020a/include] ==> [/opt/software/software/ScaLAPACK/2.1.0-gompi-2020a/include]
  collapse include dir [/opt/software/software/FFTW/3.3.8-gompi-2020a/include] ==> [/opt/software/software/FFTW/3.3.8-gompi-2020a/include]
  collapse include dir [/opt/software/software/OpenBLAS/0.3.9-GCC-9.3.0/include] ==> [/opt/software/software/OpenBLAS/0.3.9-GCC-9.3.0/include]
  collapse include dir [/opt/software/software/OpenMPI/4.0.3-GCC-9.3.0/include] ==> [/opt/software/software/OpenMPI/4.0.3-GCC-9.3.0/include]
  collapse include dir [/opt/software/software/UCX/1.8.0-GCCcore-9.3.0/include] ==> [/opt/software/software/UCX/1.8.0-GCCcore-9.3.0/include]
  collapse include dir [/opt/software/software/hwloc/2.2.0-GCCcore-9.3.0/include] ==> [/opt/software/software/hwloc/2.2.0-GCCcore-9.3.0/include]
  collapse include dir [/opt/software/software/libpciaccess/0.16-GCCcore-9.3.0/include] ==> [/opt/software/software/libpciaccess/0.16-GCCcore-9.3.0/include]
  collapse include dir [/opt/software/software/libxml2/2.9.10-GCCcore-9.3.0/include/libxml2] ==> [/opt/software/software/libxml2/2.9.10-GCCcore-9.3.0/include/libxml2]
  collapse include dir [/opt/software/software/libxml2/2.9.10-GCCcore-9.3.0/include] ==> [/opt/software/software/libxml2/2.9.10-GCCcore-9.3.0/include]
  collapse include dir [/opt/software/software/XZ/5.2.5-GCCcore-9.3.0/include] ==> [/opt/software/software/XZ/5.2.5-GCCcore-9.3.0/include]
  collapse include dir [/opt/software/software/numactl/2.0.13-GCCcore-9.3.0/include] ==> [/opt/software/software/numactl/2.0.13-GCCcore-9.3.0/include]
  collapse include dir [/opt/software/software/binutils/2.34-GCCcore-9.3.0/include] ==> [/opt/software/software/binutils/2.34-GCCcore-9.3.0/include]
  collapse include dir [/opt/software/software/cURL/7.69.1-GCCcore-9.3.0/include] ==> [/opt/software/software/cURL/7.69.1-GCCcore-9.3.0/include]
  collapse include dir [/opt/software/software/bzip2/1.0.8-GCCcore-9.3.0/include] ==> [/opt/software/software/bzip2/1.0.8-GCCcore-9.3.0/include]
  collapse include dir [/opt/software/software/zlib/1.2.11-GCCcore-9.3.0/include] ==> [/opt/software/software/zlib/1.2.11-GCCcore-9.3.0/include]
  collapse include dir [/opt/software/software/ncurses/6.2-GCCcore-9.3.0/include] ==> [/opt/software/software/ncurses/6.2-GCCcore-9.3.0/include]
  collapse include dir [/opt/software/software/googletest/1.10.0-GCCcore-9.3.0/include] ==> [/opt/software/software/googletest/1.10.0-GCCcore-9.3.0/include]
  collapse include dir [/opt/software/software/GCCcore/9.3.0/lib/gcc/x86_64-pc-linux-gnu/9.3.0/../../../../include/c++/9.3.0] ==> [/opt/software/software/GCCcore/9.3.0/include/c++/9.3.0]
  collapse include dir [/opt/software/software/GCCcore/9.3.0/lib/gcc/x86_64-pc-linux-gnu/9.3.0/../../../../include/c++/9.3.0/x86_64-pc-linux-gnu] ==> [/opt/software/software/GCCcore/9.3.0/include/c++/9.3.0/x86_64-pc-linux-gnu]
  collapse include dir [/opt/software/software/GCCcore/9.3.0/lib/gcc/x86_64-pc-linux-gnu/9.3.0/../../../../include/c++/9.3.0/backward] ==> [/opt/software/software/GCCcore/9.3.0/include/c++/9.3.0/backward]
  collapse include dir [/opt/software/software/GCCcore/9.3.0/lib/gcc/x86_64-pc-linux-gnu/9.3.0/include] ==> [/opt/software/software/GCCcore/9.3.0/lib/gcc/x86_64-pc-linux-gnu/9.3.0/include]
  collapse include dir [/opt/software/software/GCCcore/9.3.0/include] ==> [/opt/software/software/GCCcore/9.3.0/include]
  collapse include dir [/opt/software/software/GCCcore/9.3.0/lib/gcc/x86_64-pc-linux-gnu/9.3.0/include-fixed] ==> [/opt/software/software/GCCcore/9.3.0/lib/gcc/x86_64-pc-linux-gnu/9.3.0/include-fixed]
  collapse include dir [/usr/include] ==> [/usr/include]
  implicit include dirs: [/opt/software/software/ScaLAPACK/2.1.0-gompi-2020a/include;/opt/software/software/FFTW/3.3.8-gompi-2020a/include;/opt/software/software/OpenBLAS/0.3.9-GCC-9.3.0/include;/opt/software/software/OpenMPI/4.0.3-GCC-9.3.0/include;/opt/software/software/UCX/1.8.0-GCCcore-9.3.0/include;/opt/software/software/hwloc/2.2.0-GCCcore-9.3.0/include;/opt/software/software/libpciaccess/0.16-GCCcore-9.3.0/include;/opt/software/software/libxml2/2.9.10-GCCcore-9.3.0/include/libxml2;/opt/software/software/libxml2/2.9.10-GCCcore-9.3.0/include;/opt/software/software/XZ/5.2.5-GCCcore-9.3.0/include;/opt/software/software/numactl/2.0.13-GCCcore-9.3.0/include;/opt/software/software/binutils/2.34-GCCcore-9.3.0/include;/opt/software/software/cURL/7.69.1-GCCcore-9.3.0/include;/opt/software/software/bzip2/1.0.8-GCCcore-9.3.0/include;/opt/software/software/zlib/1.2.11-GCCcore-9.3.0/include;/opt/software/software/ncurses/6.2-GCCcore-9.3.0/include;/opt/software/software/googletest/1.10.0-GCCcore-9.3.0/include;/opt/software/software/GCCcore/9.3.0/include/c++/9.3.0;/opt/software/software/GCCcore/9.3.0/include/c++/9.3.0/x86_64-pc-linux-gnu;/opt/software/software/GCCcore/9.3.0/include/c++/9.3.0/backward;/opt/software/software/GCCcore/9.3.0/lib/gcc/x86_64-pc-linux-gnu/9.3.0/include;/opt/software/software/GCCcore/9.3.0/include;/opt/software/software/GCCcore/9.3.0/lib/gcc/x86_64-pc-linux-gnu/9.3.0/include-fixed;/usr/include]


Parsed CXX implicit link information from above output:
  link line regex: [^( *|.*[/\])(ld|CMAKE_LINK_STARTFILE-NOTFOUND|([^/\]+-)?ld|collect2)[^/\]*( |$)]
  ignore line: [Change Dir: /homes/ronnyim12345/hw2/build/CMakeFiles/CMakeTmp]
  ignore line: []
  ignore line: [Run Build Command(s):/usr/bin/gmake cmTC_ffc93/fast && /usr/bin/gmake -f CMakeFiles/cmTC_ffc93.dir/build.make CMakeFiles/cmTC_ffc93.dir/build]
  ignore line: [gmake[1]: Entering directory `/homes/ronnyim12345/hw2/build/CMakeFiles/CMakeTmp']
  ignore line: [Building CXX object CMakeFiles/cmTC_ffc93.dir/CMakeCXXCompilerABI.cpp.o]
  ignore line: [/opt/software/software/GCCcore/9.3.0/bin/c++    -v -o CMakeFiles/cmTC_ffc93.dir/CMakeCXXCompilerABI.cpp.o -c /opt/software/software/CMake/3.16.4-GCCcore-9.3.0/share/cmake-3.16/Modules/CMakeCXXCompilerABI.cpp]
  ignore line: [Using built-in specs.]
  ignore line: [COLLECT_GCC=/opt/software/software/GCCcore/9.3.0/bin/c++]
  ignore line: [Target: x86_64-pc-linux-gnu]
  ignore line: [Configured with: ../configure --enable-languages=c,c++,fortran --enable-lto --enable-checking=release --disable-multilib --enable-shared=yes --enable-static=yes --enable-threads=posix --enable-plugins --enable-gold=default --enable-ld --with-plugin-ld=ld.gold --prefix=/opt/software/software/GCCcore/9.3.0 --with-local-prefix=/opt/software/software/GCCcore/9.3.0 --enable-bootstrap --with-isl=/tmp/easybuild/GCCcore/9.3.0/system-system/gcc-9.3.0/stage2_stuff]
  ignore line: [Thread model: posix]
  ignore line: [gcc version 9.3.0 (GCC) ]
  ignore line: [COLLECT_GCC_OPTIONS='-v' '-o' 'CMakeFiles/cmTC_ffc93.dir/CMakeCXXCompilerABI.cpp.o' '-c' '-shared-libgcc' '-mtune=generic' '-march=x86-64']
  ignore line: [ /opt/software/software/GCCcore/9.3.0/libexec/gcc/x86_64-pc-linux-gnu/9.3.0/cc1plus -quiet -v -D_GNU_SOURCE /opt/software/software/CMake/3.16.4-GCCcore-9.3.0/share/cmake-3.16/Modules/CMakeCXXCompilerABI.cpp -quiet -dumpbase CMakeCXXCompilerABI.cpp -mtune=generic -march=x86-64 -auxbase-strip CMakeFiles/cmTC_ffc93.dir/CMakeCXXCompilerABI.cpp.o -version -o /tmp/ccUljNop.s]
  ignore line: [GNU C++14 (GCC) version 9.3.0 (x86_64-pc-linux-gnu)]
  ignore line: [	compiled by GNU C version 9.3.0  GMP version 6.2.0  MPFR version 4.0.2  MPC version 1.1.0  isl version isl-0.22.1-GMP]
  ignore line: []
  ignore line: [GGC heuristics: --param ggc-min-expand=100 --param ggc-min-heapsize=131072]
  ignore line: [ignoring nonexistent directory "/opt/software/software/GCCcore/9.3.0/lib/gcc/x86_64-pc-linux-gnu/9.3.0/../../../../x86_64-pc-linux-gnu/include"]
  ignore line: [#include "..." search starts here:]
  ignore line: [#include <...> search starts here:]
  ignore line: [ /opt/software/software/ScaLAPACK/2.1.0-gompi-2020a/include]
  ignore line: [ /opt/software/software/FFTW/3.3.8-gompi-2020a/include]
  ignore line: [ /opt/software/software/OpenBLAS/0.3.9-GCC-9.3.0/include]
  ignore line: [ /opt/software/software/OpenMPI/4.0.3-GCC-9.3.0/include]
  ignore line: [ /opt/software/software/UCX/1.8.0-GCCcore-9.3.0/include]
  ignore line: [ /opt/software/software/hwloc/2.2.0-GCCcore-9.3.0/include]
  ignore line: [ /opt/software/software/libpciaccess/0.16-GCCcore-9.3.0/include]
  ignore line: [ /opt/software/software/libxml2/2.9.10-GCCcore-9.3.0/include/libxml2]
  ignore line: [ /opt/software/software/libxml2/2.9.10-GCCcore-9.3.0/include]
  ignore line: [ /opt/software/software/XZ/5.2.5-GCCcore-9.3.0/include]
  ignore line: [ /opt/software/software/numactl/2.0.13-GCCcore-9.3.0/include]
  ignore line: [ /opt/software/software/binutils/2.34-GCCcore-9.3.0/include]
  ignore line: [ /opt/software/software/cURL/7.69.1-GCCcore-9.3.0/include]
  ignore line: [ /opt/software/software/bzip2/1.0.8-GCCcore-9.3.0/include]
  ignore line: [ /opt/software/software/zlib/1.2.11-GCCcore-9.3.0/include]
  ignore line: [ /opt/software/software/ncurses/6.2-GCCcore-9.3.0/include]
  ignore line: [ /opt/software/software/googletest/1.10.0-GCCcore-9.3.0/include]
  ignore line: [ /opt/software/software/GCCcore/9.3.0/lib/gcc/x86_64-pc-linux-gnu/9.3.0/../../../../include/c++/9.3.0]
  ignore line: [ /opt/software/software/GCCcore/9.3.0/lib/gcc/x86_64-pc-linux-gnu/9.3.0/../../../../include/c++/9.3.0/x86_64-pc-linux-gnu]
  ignore line: [ /opt/software/software/GCCcore/9.3.0/lib/gcc/x86_64-pc-linux-gnu/9.3.0/../../../../include/c++/9.3.0/backward]
  ignore line: [ /opt/software/software/GCCcore/9.3.0/lib/gcc/x86_64-pc-linux-gnu/9.3.0/include]
  ignore line: [ /opt/software/software/GCCcore/9.3.0/include]
  ignore line: [ /opt/software/software/GCCcore/9.3.0/lib/gcc/x86_64-pc-linux-gnu/9.3.0/include-fixed]
  ignore line: [ /usr/include]
  ignore line: [End of search list.]
  ignore line: [GNU C++14 (GCC) version 9.3.0 (x86_64-pc-linux-gnu)]
  ignore line: [	compiled by GNU C version 9.3.0  GMP version 6.2.0  MPFR version 4.0.2  MPC version 1.1.0  isl version isl-0.22.1-GMP]
  ignore line: []
  ignore line: [GGC heuristics: --param ggc-min-expand=100 --param ggc-min-heapsize=131072]
  ignore line: [Compiler executable checksum: 53c232575a99550e65013fdab0371664]
  ignore line: [COLLECT_GCC_OPTIONS='-v' '-o' 'CMakeFiles/cmTC_ffc93.dir/CMakeCXXCompilerABI.cpp.o' '-c' '-shared-libgcc' '-mtune=generic' '-march=x86-64']
  ignore line: [ as -v --64 -o CMakeFiles/cmTC_ffc93.dir/CMakeCXXCompilerABI.cpp.o /tmp/ccUljNop.s]
  ignore line: [GNU assembler version 2.34 (x86_64-pc-linux-gnu) using BFD version (GNU Binutils) 2.34]
  ignore line: [COMPILER_PATH=/opt/software/software/GCCcore/9.3.0/libexec/gcc/x86_64-pc-linux-gnu/9.3.0/:/opt/software/software/GCCcore/9.3.0/libexec/gcc/x86_64-pc-linux-gnu/9.3.0/:/opt/software/software/GCCcore/9.3.0/libexec/gcc/x86_64-pc-linux-gnu/:/opt/software/software/GCCcore/9.3.0/lib/gcc/x86_64-pc-linux-gnu/9.3.0/:/opt/software/software/GCCcore/9.3.0/lib/gcc/x86_64-pc-linux-gnu/]
  ignore line: [LIBRARY_PATH=/opt/software/software/googletest/1.10.0-GCCcore-9.3.0/lib/../lib64/:/opt/software/software/GCCcore/9.3.0/lib/gcc/x86_64-pc-linux-gnu/9.3.0/:/opt/software/software/GCCcore/9.3.0/lib/gcc/x86_64-pc-linux-gnu/9.3.0/../../../../lib64/:/lib/../lib64/:/usr/lib/../lib64/:/opt/software/software/ScaLAPACK/2.1.0-gompi-2020a/lib/:/opt/software/software/FFTW/3.3.8-gompi-2020a/lib/:/opt/software/software/OpenBLAS/0.3.9-GCC-9.3.0/lib/:/opt/software/software/OpenMPI/4.0.3-GCC-9.3.0/lib/:/opt/software/software/UCX/1.8.0-GCCcore-9.3.0/lib/:/opt/software/software/hwloc/2.2.0-GCCcore-9.3.0/lib/:/opt/software/software/libpciaccess/0.16-GCCcore-9.3.0/lib/:/opt/software/software/libxml2/2.9.10-GCCcore-9.3.0/lib/:/opt/software/software/XZ/5.2.5-GCCcore-9.3.0/lib/:/opt/software/software/numactl/2.0.13-GCCcore-9.3.0/lib/:/opt/software/software/binutils/2.34-GCCcore-9.3.0/lib/:/opt/software/software/cURL/7.69.1-GCCcore-9.3.0/lib/:/opt/software/software/bzip2/1.0.8-GCCcore-9.3.0/lib/:/opt/software/software/zlib/1.2.11-GCCcore-9.3.0/lib/:/opt/software/software/ncurses/6.2-GCCcore-9.3.0/lib/:/opt/software/software/googletest/1.10.0-GCCcore-9.3.0/lib/:/opt/software/software/GCCcore/9.3.0/lib/gcc/x86_64-pc-linux-gnu/9.3.0/../../../:/lib/:/usr/lib/]
  ignore line: [COLLECT_GCC_OPTIONS='-v' '-o' 'CMakeFiles/cmTC_ffc93.dir/CMakeCXXCompilerABI.cpp.o' '-c' '-shared-libgcc' '-mtune=generic' '-march=x86-64']
  ignore line: [Linking CXX executable cmTC_ffc93]
  ignore line: [/opt/software/software/CMake/3.16.4-GCCcore-9.3.0/bin/cmake -E cmake_link_script CMakeFiles/cmTC_ffc93.dir/link.txt --verbose=1]
  ignore line: [/opt/software/software/GCCcore/9.3.0/bin/c++      -v -rdynamic CMakeFiles/cmTC_ffc93.dir/CMakeCXXCompilerABI.cpp.o  -o cmTC_ffc93 ]
  ignore line: [Using built-in specs.]
  ignore line: [COLLECT_GCC=/opt/software/software/GCCcore/9.3.0/bin/c++]
  ignore line: [COLLECT_LTO_WRAPPER=/opt/software/software/GCCcore/9.3.0/libexec/gcc/x86_64-pc-linux-gnu/9.3.0/lto-wrapper]
  ignore line: [Target: x86_64-pc-linux-gnu]
  ignore line: [Configured with: ../configure --enable-languages=c,c++,fortran --enable-lto --enable-checking=release --disable-multilib --enable-shared=yes --enable-static=yes --enable-threads=posix --enable-plugins --enable-gold=default --enable-ld --with-plugin-ld=ld.gold --prefix=/opt/software/software/GCCcore/9.3.0 --with-local-prefix=/opt/software/software/GCCcore/9.3.0 --enable-bootstrap --with-isl=/tmp/easybuild/GCCcore/9.3.0/system-system/gcc-9.3.0/stage2_stuff]
  ignore line: [Thread model: posix]
  ignore line: [gcc version 9.3.0 (GCC) ]
  ignore line: [COMPILER_PATH=/opt/software/software/GCCcore/9.3.0/libexec/gcc/x86_64-pc-linux-gnu/9.3.0/:/opt/software/software/GCCcore/9.3.0/libexec/gcc/x86_64-pc-linux-gnu/9.3.0/:/opt/software/software/GCCcore/9.3.0/libexec/gcc/x86_64-pc-linux-gnu/:/opt/software/software/GCCcore/9.3.0/lib/gcc/x86_64-pc-linux-gnu/9.3.0/:/opt/software/software/GCCcore/9.3.0/lib/gcc/x86_64-pc-linux-gnu/]
  ignore line: [LIBRARY_PATH=/opt/software/software/googletest/1.10.0-GCCcore-9.3.0/lib/../lib64/:/opt/software/software/GCCcore/9.3.0/lib/gcc/x86_64-pc-linux-gnu/9.3.0/:/opt/software/software/GCCcore/9.3.0/lib/gcc/x86_64-pc-linux-gnu/9.3.0/../../../../lib64/:/lib/../lib64/:/usr/lib/../lib64/:/opt/software/software/ScaLAPACK/2.1.0-gompi-2020a/lib/:/opt/software/software/FFTW/3.3.8-gompi-2020a/lib/:/opt/software/software/OpenBLAS/0.3.9-GCC-9.3.0/lib/:/opt/software/software/OpenMPI/4.0.3-GCC-9.3.0/lib/:/opt/software/software/UCX/1.8.0-GCCcore-9.3.0/lib/:/opt/software/software/hwloc/2.2.0-GCCcore-9.3.0/lib/:/opt/software/software/libpciaccess/0.16-GCCcore-9.3.0/lib/:/opt/software/software/libxml2/2.9.10-GCCcore-9.3.0/lib/:/opt/software/software/XZ/5.2.5-GCCcore-9.3.0/lib/:/opt/software/software/numactl/2.0.13-GCCcore-9.3.0/lib/:/opt/software/software/binutils/2.34-GCCcore-9.3.0/lib/:/opt/software/software/cURL/7.69.1-GCCcore-9.3.0/lib/:/opt/software/software/bzip2/1.0.8-GCCcore-9.3.0/lib/:/opt/software/software/zlib/1.2.11-GCCcore-9.3.0/lib/:/opt/software/software/ncurses/6.2-GCCcore-9.3.0/lib/:/opt/software/software/googletest/1.10.0-GCCcore-9.3.0/lib/:/opt/software/software/GCCcore/9.3.0/lib/gcc/x86_64-pc-linux-gnu/9.3.0/../../../:/lib/:/usr/lib/]
  ignore line: [COLLECT_GCC_OPTIONS='-v' '-rdynamic' '-o' 'cmTC_ffc93' '-shared-libgcc' '-mtune=generic' '-march=x86-64']
  link line: [ /opt/software/software/GCCcore/9.3.0/libexec/gcc/x86_64-pc-linux-gnu/9.3.0/collect2 -plugin /opt/software/software/GCCcore/9.3.0/libexec/gcc/x86_64-pc-linux-gnu/9.3.0/liblto_plugin.so -plugin-opt=/opt/software/software/GCCcore/9.3.0/libexec/gcc/x86_64-pc-linux-gnu/9.3.0/lto-wrapper -plugin-opt=-fresolution=/tmp/ccEhQjIq.res -plugin-opt=-pass-through=-lgcc_s -plugin-opt=-pass-through=-lgcc -plugin-opt=-pass-through=-lc -plugin-opt=-pass-through=-lgcc_s -plugin-opt=-pass-through=-lgcc --eh-frame-hdr -m elf_x86_64 -export-dynamic -dynamic-linker /lib64/ld-linux-x86-64.so.2 -o cmTC_ffc93 /lib/../lib64/crt1.o /lib/../lib64/crti.o /opt/software/software/GCCcore/9.3.0/lib/gcc/x86_64-pc-linux-gnu/9.3.0/crtbegin.o -L/opt/software/software/googletest/1.10.0-GCCcore-9.3.0/lib/../lib64 -L/opt/software/software/GCCcore/9.3.0/lib/gcc/x86_64-pc-linux-gnu/9.3.0 -L/opt/software/software/GCCcore/9.3.0/lib/gcc/x86_64-pc-linux-gnu/9.3.0/../../../../lib64 -L/lib/../lib64 -L/usr/lib/../lib64 -L/opt/software/software/ScaLAPACK/2.1.0-gompi-2020a/lib -L/opt/software/software/FFTW/3.3.8-gompi-2020a/lib -L/opt/software/software/OpenBLAS/0.3.9-GCC-9.3.0/lib -L/opt/software/software/OpenMPI/4.0.3-GCC-9.3.0/lib -L/opt/software/software/UCX/1.8.0-GCCcore-9.3.0/lib -L/opt/software/software/hwloc/2.2.0-GCCcore-9.3.0/lib -L/opt/software/software/libpciaccess/0.16-GCCcore-9.3.0/lib -L/opt/software/software/libxml2/2.9.10-GCCcore-9.3.0/lib -L/opt/software/software/XZ/5.2.5-GCCcore-9.3.0/lib -L/opt/software/software/numactl/2.0.13-GCCcore-9.3.0/lib -L/opt/software/software/binutils/2.34-GCCcore-9.3.0/lib -L/opt/software/software/cURL/7.69.1-GCCcore-9.3.0/lib -L/opt/software/software/bzip2/1.0.8-GCCcore-9.3.0/lib -L/opt/software/software/zlib/1.2.11-GCCcore-9.3.0/lib -L/opt/software/software/ncurses/6.2-GCCcore-9.3.0/lib -L/opt/software/software/googletest/1.10.0-GCCcore-9.3.0/lib -L/opt/software/software/GCCcore/9.3.0/lib/gcc/x86_64-pc-linux-gnu/9.3.0/../../.. CMakeFiles/cmTC_ffc93.dir/CMakeCXXCompilerABI.cpp.o -lstdc++ -lm -lgcc_s -lgcc -lc -lgcc_s -lgcc /opt/software/software/GCCcore/9.3.0/lib/gcc/x86_64-pc-linux-gnu/9.3.0/crtend.o /lib/../lib64/crtn.o]
    arg [/opt/software/software/GCCcore/9.3.0/libexec/gcc/x86_64-pc-linux-gnu/9.3.0/collect2] ==> ignore
    arg [-plugin] ==> ignore
    arg [/opt/software/software/GCCcore/9.3.0/libexec/gcc/x86_64-pc-linux-gnu/9.3.0/liblto_plugin.so] ==> ignore
    arg [-plugin-opt=/opt/software/software/GCCcore/9.3.0/libexec/gcc/x86_64-pc-linux-gnu/9.3.0/lto-wrapper] ==> ignore
    arg [-plugin-opt=-fresolution=/tmp/ccEhQjIq.res] ==> ignore
    arg [-plugin-opt=-pass-through=-lgcc_s] ==> ignore
    arg [-plugin-opt=-pass-through=-lgcc] ==> ignore
    arg [-plugin-opt=-pass-through=-lc] ==> ignore
    arg [-plugin-opt=-pass-through=-lgcc_s] ==> ignore
    arg [-plugin-opt=-pass-through=-lgcc] ==> ignore
    arg [--eh-frame-hdr] ==> ignore
    arg [-m] ==> ignore
    arg [elf_x86_64] ==> ignore
    arg [-export-dynamic] ==> ignore
    arg [-dynamic-linker] ==> ignore
    arg [/lib64/ld-linux-x86-64.so.2] ==> ignore
    arg [-o] ==> ignore
    arg [cmTC_ffc93] ==> ignore
    arg [/lib/../lib64/crt1.o] ==> ignore
    arg [/lib/../lib64/crti.o] ==> ignore
    arg [/opt/software/software/GCCcore/9.3.0/lib/gcc/x86_64-pc-linux-gnu/9.3.0/crtbegin.o] ==> ignore
    arg [-L/opt/software/software/googletest/1.10.0-GCCcore-9.3.0/lib/../lib64] ==> dir [/opt/software/software/googletest/1.10.0-GCCcore-9.3.0/lib/../lib64]
    arg [-L/opt/software/software/GCCcore/9.3.0/lib/gcc/x86_64-pc-linux-gnu/9.3.0] ==> dir [/opt/software/software/GCCcore/9.3.0/lib/gcc/x86_64-pc-linux-gnu/9.3.0]
    arg [-L/opt/software/software/GCCcore/9.3.0/lib/gcc/x86_64-pc-linux-gnu/9.3.0/../../../../lib64] ==> dir [/opt/software/software/GCCcore/9.3.0/lib/gcc/x86_64-pc-linux-gnu/9.3.0/../../../../lib64]
    arg [-L/lib/../lib64] ==> dir [/lib/../lib64]
    arg [-L/usr/lib/../lib64] ==> dir [/usr/lib/../lib64]
    arg [-L/opt/software/software/ScaLAPACK/2.1.0-gompi-2020a/lib] ==> dir [/opt/software/software/ScaLAPACK/2.1.0-gompi-2020a/lib]
    arg [-L/opt/software/software/FFTW/3.3.8-gompi-2020a/lib] ==> dir [/opt/software/software/FFTW/3.3.8-gompi-2020a/lib]
    arg [-L/opt/software/software/OpenBLAS/0.3.9-GCC-9.3.0/lib] ==> dir [/opt/software/software/OpenBLAS/0.3.9-GCC-9.3.0/lib]
    arg [-L/opt/software/software/OpenMPI/4.0.3-GCC-9.3.0/lib] ==> dir [/opt/software/software/OpenMPI/4.0.3-GCC-9.3.0/lib]
    arg [-L/opt/software/software/UCX/1.8.0-GCCcore-9.3.0/lib] ==> dir [/opt/software/software/UCX/1.8.0-GCCcore-9.3.0/lib]
    arg [-L/opt/software/software/hwloc/2.2.0-GCCcore-9.3.0/lib] ==> dir [/opt/software/software/hwloc/2.2.0-GCCcore-9.3.0/lib]
    arg [-L/opt/software/software/libpciaccess/0.16-GCCcore-9.3.0/lib] ==> dir [/opt/software/software/libpciaccess/0.16-GCCcore-9.3.0/lib]
    arg [-L/opt/software/software/libxml2/2.9.10-GCCcore-9.3.0/lib] ==> dir [/opt/software/software/libxml2/2.9.10-GCCcore-9.3.0/lib]
    arg [-L/opt/software/software/XZ/5.2.5-GCCcore-9.3.0/lib] ==> dir [/opt/software/software/XZ/5.2.5-GCCcore-9.3.0/lib]
    arg [-L/opt/software/software/numactl/2.0.13-GCCcore-9.3.0/lib] ==> dir [/opt/software/software/numactl/2.0.13-GCCcore-9.3.0/lib]
    arg [-L/opt/software/software/binutils/2.34-GCCcore-9.3.0/lib] ==> dir [/opt/software/software/binutils/2.34-GCCcore-9.3.0/lib]
    arg [-L/opt/software/software/cURL/7.69.1-GCCcore-9.3.0/lib] ==> dir [/opt/software/software/cURL/7.69.1-GCCcore-9.3.0/lib]
    arg [-L/opt/software/software/bzip2/1.0.8-GCCcore-9.3.0/lib] ==> dir [/opt/software/software/bzip2/1.0.8-GCCcore-9.3.0/lib]
    arg [-L/opt/software/software/zlib/1.2.11-GCCcore-9.3.0/lib] ==> dir [/opt/software/software/zlib/1.2.11-GCCcore-9.3.0/lib]
    arg [-L/opt/software/software/ncurses/6.2-GCCcore-9.3.0/lib] ==> dir [/opt/software/software/ncurses/6.2-GCCcore-9.3.0/lib]
    arg [-L/opt/software/software/googletest/1.10.0-GCCcore-9.3.0/lib] ==> dir [/opt/software/software/googletest/1.10.0-GCCcore-9.3.0/lib]
    arg [-L/opt/software/software/GCCcore/9.3.0/lib/gcc/x86_64-pc-linux-gnu/9.3.0/../../..] ==> dir [/opt/software/software/GCCcore/9.3.0/lib/gcc/x86_64-pc-linux-gnu/9.3.0/../../..]
    arg [CMakeFiles/cmTC_ffc93.dir/CMakeCXXCompilerABI.cpp.o] ==> ignore
    arg [-lstdc++] ==> lib [stdc++]
    arg [-lm] ==> lib [m]
    arg [-lgcc_s] ==> lib [gcc_s]
    arg [-lgcc] ==> lib [gcc]
    arg [-lc] ==> lib [c]
    arg [-lgcc_s] ==> lib [gcc_s]
    arg [-lgcc] ==> lib [gcc]
    arg [/opt/software/software/GCCcore/9.3.0/lib/gcc/x86_64-pc-linux-gnu/9.3.0/crtend.o] ==> ignore
    arg [/lib/../lib64/crtn.o] ==> ignore
  collapse library dir [/opt/software/software/googletest/1.10.0-GCCcore-9.3.0/lib/../lib64] ==> [/opt/software/software/googletest/1.10.0-GCCcore-9.3.0/lib64]
  collapse library dir [/opt/software/software/GCCcore/9.3.0/lib/gcc/x86_64-pc-linux-gnu/9.3.0] ==> [/opt/software/software/GCCcore/9.3.0/lib/gcc/x86_64-pc-linux-gnu/9.3.0]
  collapse library dir [/opt/software/software/GCCcore/9.3.0/lib/gcc/x86_64-pc-linux-gnu/9.3.0/../../../../lib64] ==> [/opt/software/software/GCCcore/9.3.0/lib64]
  collapse library dir [/lib/../lib64] ==> [/lib64]
  collapse library dir [/usr/lib/../lib64] ==> [/usr/lib64]
  collapse library dir [/opt/software/software/ScaLAPACK/2.1.0-gompi-2020a/lib] ==> [/opt/software/software/ScaLAPACK/2.1.0-gompi-2020a/lib]
  collapse library dir [/opt/software/software/FFTW/3.3.8-gompi-2020a/lib] ==> [/opt/software/software/FFTW/3.3.8-gompi-2020a/lib]
  collapse library dir [/opt/software/software/OpenBLAS/0.3.9-GCC-9.3.0/lib] ==> [/opt/software/software/OpenBLAS/0.3.9-GCC-9.3.0/lib]
  collapse library dir [/opt/software/software/OpenMPI/4.0.3-GCC-9.3.0/lib] ==> [/opt/software/software/OpenMPI/4.0.3-GCC-9.3.0/lib]
  collapse library dir [/opt/software/software/UCX/1.8.0-GCCcore-9.3.0/lib] ==> [/opt/software/software/UCX/1.8.0-GCCcore-9.3.0/lib]
  collapse library dir [/opt/software/software/hwloc/2.2.0-GCCcore-9.3.0/lib] ==> [/opt/software/software/hwloc/2.2.0-GCCcore-9.3.0/lib]
  collapse library dir [/opt/software/software/libpciaccess/0.16-GCCcore-9.3.0/lib] ==> [/opt/software/software/libpciaccess/0.16-GCCcore-9.3.0/lib]
  collapse library dir [/opt/software/software/libxml2/2.9.10-GCCcore-9.3.0/lib] ==> [/opt/software/software/libxml2/2.9.10-GCCcore-9.3.0/lib]
  collapse library dir [/opt/software/software/XZ/5.2.5-GCCcore-9.3.0/lib] ==> [/opt/software/software/XZ/5.2.5-GCCcore-9.3.0/lib]
  collapse library dir [/opt/software/software/numactl/2.0.13-GCCcore-9.3.0/lib] ==> [/opt/software/software/numactl/2.0.13-GCCcore-9.3.0/lib]
  collapse library dir [/opt/software/software/binutils/2.34-GCCcore-9.3.0/lib] ==> [/opt/software/software/binutils/2.34-GCCcore-9.3.0/lib]
  collapse library dir [/opt/software/software/cURL/7.69.1-GCCcore-9.3.0/lib] ==> [/opt/software/software/cURL/7.69.1-GCCcore-9.3.0/lib]
  collapse library dir [/opt/software/software/bzip2/1.0.8-GCCcore-9.3.0/lib] ==> [/opt/software/software/bzip2/1.0.8-GCCcore-9.3.0/lib]
  collapse library dir [/opt/software/software/zlib/1.2.11-GCCcore-9.3.0/lib] ==> [/opt/software/software/zlib/1.2.11-GCCcore-9.3.0/lib]
  collapse library dir [/opt/software/software/ncurses/6.2-GCCcore-9.3.0/lib] ==> [/opt/software/software/ncurses/6.2-GCCcore-9.3.0/lib]
  collapse library dir [/opt/software/software/googletest/1.10.0-GCCcore-9.3.0/lib] ==> [/opt/software/software/googletest/1.10.0-GCCcore-9.3.0/lib]
  collapse library dir [/opt/software/software/GCCcore/9.3.0/lib/gcc/x86_64-pc-linux-gnu/9.3.0/../../..] ==> [/opt/software/software/GCCcore/9.3.0/lib]
  implicit libs: [stdc++;m;gcc_s;gcc;c;gcc_s;gcc]
  implicit dirs: [/opt/software/software/googletest/1.10.0-GCCcore-9.3.0/lib64;/opt/software/software/GCCcore/9.3.0/lib/gcc/x86_64-pc-linux-gnu/9.3.0;/opt/software/software/GCCcore/9.3.0/lib64;/lib64;/usr/lib64;/opt/software/software/ScaLAPACK/2.1.0-gompi-2020a/lib;/opt/software/software/FFTW/3.3.8-gompi-2020a/lib;/opt/software/software/OpenBLAS/0.3.9-GCC-9.3.0/lib;/opt/software/software/OpenMPI/4.0.3-GCC-9.3.0/lib;/opt/software/software/UCX/1.8.0-GCCcore-9.3.0/lib;/opt/software/software/hwloc/2.2.0-GCCcore-9.3.0/lib;/opt/software/software/libpciaccess/0.16-GCCcore-9.3.0/lib;/opt/software/software/libxml2/2.9.10-GCCcore-9.3.0/lib;/opt/software/software/XZ/5.2.5-GCCcore-9.3.0/lib;/opt/software/software/numactl/2.0.13-GCCcore-9.3.0/lib;/opt/software/software/binutils/2.34-GCCcore-9.3.0/lib;/opt/software/software/cURL/7.69.1-GCCcore-9.3.0/lib;/opt/software/software/bzip2/1.0.8-GCCcore-9.3.0/lib;/opt/software/software/zlib/1.2.11-GCCcore-9.3.0/lib;/opt/software/software/ncurses/6.2-GCCcore-9.3.0/lib;/opt/software/software/googletest/1.10.0-GCCcore-9.3.0/lib;/opt/software/software/GCCcore/9.3.0/lib]
  implicit fwks: []


